[2025-12-24T06:46:51.902Z] Adding execution video attachment as C:\Users\cynth\OneDrive\Documents\kuliah\Tugas Akhir\coretesting\_results_\videos\Create-Surat-Jalan-MTS-0-0--CHROME--12-24-2025--13-46-51-796.webm
[2025-12-24T06:46:53.556Z] Add frame for command: /session/:sessionId/element/f.BFF3A2F9B81D76A1764B2C969379E4D9.d.5921E611B659E7D7AABC9BF6EA07B472.e.2/clear => [clear]
[2025-12-24T06:46:53.832Z] Add frame for command: /session/:sessionId/element/f.BFF3A2F9B81D76A1764B2C969379E4D9.d.5921E611B659E7D7AABC9BF6EA07B472.e.2/value => [value]
[2025-12-24T06:46:53.895Z] Add frame for command: /session/:sessionId/element/f.BFF3A2F9B81D76A1764B2C969379E4D9.d.5921E611B659E7D7AABC9BF6EA07B472.e.3/clear => [clear]
[2025-12-24T06:46:54.049Z] - Bidi Screenshot (frame: 0)
[2025-12-24T06:46:54.055Z] - Bidi Screenshot (frame: 1)
[2025-12-24T06:46:54.107Z] Add frame for command: /session/:sessionId/element/f.BFF3A2F9B81D76A1764B2C969379E4D9.d.5921E611B659E7D7AABC9BF6EA07B472.e.3/value => [value]
[2025-12-24T06:46:54.275Z] - Bidi Screenshot (frame: 2)
[2025-12-24T06:46:54.276Z] Add frame for command: /session/:sessionId/actions => [actions]
[2025-12-24T06:46:54.279Z] Add frame for command: /session/:sessionId/actions => [actions]
[2025-12-24T06:46:54.283Z] - Bidi Screenshot (frame: 3)
[2025-12-24T06:46:54.447Z] - Bidi Screenshot (frame: 4)
[2025-12-24T06:46:54.450Z] - Bidi Screenshot (frame: 5)
[2025-12-24T06:46:54.489Z] Add frame for command: /session/:sessionId/element/f.BFF3A2F9B81D76A1764B2C969379E4D9.d.5921E611B659E7D7AABC9BF6EA07B472.e.13/click => [click]
[2025-12-24T06:46:54.498Z] Add frame for command: /session/:sessionId/url => [url]
[2025-12-24T06:46:54.723Z] - Bidi Screenshot (frame: 6)
[2025-12-24T06:46:54.730Z] - Bidi Screenshot (frame: 7)
[2025-12-24T06:46:54.736Z] Add frame for command: /session/:sessionId/url => [url]
[2025-12-24T06:46:54.927Z] Add frame for command: /session/:sessionId/url => [url]
[2025-12-24T06:46:55.157Z] Add frame for command: /session/:sessionId/actions => [actions]
[2025-12-24T06:46:55.166Z] Add frame for command: /session/:sessionId/actions => [actions]
[2025-12-24T06:46:55.473Z] - Bidi Screenshot (frame: 8)
[2025-12-24T06:46:55.485Z] - Bidi Screenshot (frame: 9)
[2025-12-24T06:46:55.675Z] - Bidi Screenshot (frame: 10)
[2025-12-24T06:46:55.682Z] Add frame for command: /session/:sessionId/element/f.BFF3A2F9B81D76A1764B2C969379E4D9.d.5921E611B659E7D7AABC9BF6EA07B472.e.23/click => [click]
[2025-12-24T06:46:55.693Z] - Bidi Screenshot (frame: 11)
[2025-12-24T06:46:55.927Z] - Bidi Screenshot (frame: 12)
[2025-12-24T06:46:56.738Z] Add frame for command: /session/:sessionId/actions => [actions]
[2025-12-24T06:46:56.887Z] - Bidi Screenshot (frame: 13)
[2025-12-24T06:46:57.049Z] Add frame for command: /session/:sessionId/element/f.BFF3A2F9B81D76A1764B2C969379E4D9.d.5921E611B659E7D7AABC9BF6EA07B472.e.74/click => [click]
[2025-12-24T06:46:57.062Z] Add frame for command: /session/:sessionId/url => [url]
[2025-12-24T06:46:57.278Z] - Bidi Screenshot (frame: 14)
[2025-12-24T06:46:57.287Z] - Bidi Screenshot (frame: 15)
[2025-12-24T06:46:57.374Z] Add frame for command: /session/:sessionId/element/f.BFF3A2F9B81D76A1764B2C969379E4D9.d.5921E611B659E7D7AABC9BF6EA07B472.e.83/clear => [clear]
[2025-12-24T06:46:57.472Z] Add frame for command: /session/:sessionId/element/f.BFF3A2F9B81D76A1764B2C969379E4D9.d.5921E611B659E7D7AABC9BF6EA07B472.e.83/value => [value]
[2025-12-24T06:46:57.696Z] - Bidi Screenshot (frame: 16)
[2025-12-24T06:46:57.704Z] - Bidi Screenshot (frame: 17)
[2025-12-24T06:46:57.722Z] Add frame for command: /session/:sessionId/element/f.BFF3A2F9B81D76A1764B2C969379E4D9.d.5921E611B659E7D7AABC9BF6EA07B472.e.84/clear => [clear]
[2025-12-24T06:46:57.823Z] Add frame for command: /session/:sessionId/element/f.BFF3A2F9B81D76A1764B2C969379E4D9.d.5921E611B659E7D7AABC9BF6EA07B472.e.84/value => [value]
[2025-12-24T06:46:58.047Z] - Bidi Screenshot (frame: 18)
[2025-12-24T06:46:58.056Z] - Bidi Screenshot (frame: 19)
[2025-12-24T06:46:58.070Z] Add frame for command: /session/:sessionId/element/f.BFF3A2F9B81D76A1764B2C969379E4D9.d.5921E611B659E7D7AABC9BF6EA07B472.e.85/clear => [clear]
[2025-12-24T06:46:58.150Z] Add frame for command: /session/:sessionId/element/f.BFF3A2F9B81D76A1764B2C969379E4D9.d.5921E611B659E7D7AABC9BF6EA07B472.e.85/value => [value]
[2025-12-24T06:46:58.358Z] - Bidi Screenshot (frame: 20)
[2025-12-24T06:46:58.367Z] - Bidi Screenshot (frame: 21)
[2025-12-24T06:46:58.414Z] Add frame for command: /session/:sessionId/element/f.BFF3A2F9B81D76A1764B2C969379E4D9.d.5921E611B659E7D7AABC9BF6EA07B472.e.86/click => [click]
[2025-12-24T06:46:58.557Z] Add frame for command: /session/:sessionId/element/f.BFF3A2F9B81D76A1764B2C969379E4D9.d.5921E611B659E7D7AABC9BF6EA07B472.e.86/clear => [clear]
[2025-12-24T06:46:58.566Z] - Bidi Screenshot (frame: 22)
[2025-12-24T06:46:58.625Z] Add frame for command: /session/:sessionId/element/f.BFF3A2F9B81D76A1764B2C969379E4D9.d.5921E611B659E7D7AABC9BF6EA07B472.e.86/value => [value]
[2025-12-24T06:46:58.805Z] - Bidi Screenshot (frame: 23)
[2025-12-24T06:46:58.812Z] - Bidi Screenshot (frame: 24)
[2025-12-24T06:46:59.207Z] Add frame for command: /session/:sessionId/element/f.BFF3A2F9B81D76A1764B2C969379E4D9.d.5921E611B659E7D7AABC9BF6EA07B472.e.137/click => [click]
[2025-12-24T06:46:59.346Z] - Bidi Screenshot (frame: 25)
[2025-12-24T06:46:59.359Z] Add frame for command: /session/:sessionId/element/f.BFF3A2F9B81D76A1764B2C969379E4D9.d.5921E611B659E7D7AABC9BF6EA07B472.e.90/clear => [clear]
[2025-12-24T06:46:59.435Z] Add frame for command: /session/:sessionId/element/f.BFF3A2F9B81D76A1764B2C969379E4D9.d.5921E611B659E7D7AABC9BF6EA07B472.e.90/value => [value]
[2025-12-24T06:46:59.643Z] - Bidi Screenshot (frame: 26)
[2025-12-24T06:46:59.651Z] - Bidi Screenshot (frame: 27)
[2025-12-24T06:46:59.666Z] Add frame for command: /session/:sessionId/element/f.BFF3A2F9B81D76A1764B2C969379E4D9.d.5921E611B659E7D7AABC9BF6EA07B472.e.91/clear => [clear]
[2025-12-24T06:46:59.748Z] Add frame for command: /session/:sessionId/element/f.BFF3A2F9B81D76A1764B2C969379E4D9.d.5921E611B659E7D7AABC9BF6EA07B472.e.91/value => [value]
[2025-12-24T06:46:59.952Z] - Bidi Screenshot (frame: 28)
[2025-12-24T06:46:59.961Z] - Bidi Screenshot (frame: 29)
[2025-12-24T06:46:59.979Z] Add frame for command: /session/:sessionId/element/f.BFF3A2F9B81D76A1764B2C969379E4D9.d.5921E611B659E7D7AABC9BF6EA07B472.e.92/clear => [clear]
[2025-12-24T06:47:00.060Z] Add frame for command: /session/:sessionId/element/f.BFF3A2F9B81D76A1764B2C969379E4D9.d.5921E611B659E7D7AABC9BF6EA07B472.e.92/value => [value]
[2025-12-24T06:47:00.266Z] - Bidi Screenshot (frame: 30)
[2025-12-24T06:47:00.274Z] - Bidi Screenshot (frame: 31)
[2025-12-24T06:47:00.307Z] Add frame for command: /session/:sessionId/element/f.BFF3A2F9B81D76A1764B2C969379E4D9.d.5921E611B659E7D7AABC9BF6EA07B472.e.93/click => [click]
[2025-12-24T06:47:00.329Z] Add frame for command: /session/:sessionId/actions => [actions]
[2025-12-24T06:47:00.360Z] Add frame for command: /session/:sessionId/actions => [actions]
[2025-12-24T06:47:00.463Z] - Bidi Screenshot (frame: 32)
[2025-12-24T06:47:00.593Z] - Bidi Screenshot (frame: 33)
[2025-12-24T06:47:00.599Z] - Bidi Screenshot (frame: 34)
[2025-12-24T06:47:03.405Z] Add frame for command: /session/:sessionId/element/f.BFF3A2F9B81D76A1764B2C969379E4D9.d.5921E611B659E7D7AABC9BF6EA07B472.e.93/clear => [clear]
[2025-12-24T06:47:03.463Z] Add frame for command: /session/:sessionId/element/f.BFF3A2F9B81D76A1764B2C969379E4D9.d.5921E611B659E7D7AABC9BF6EA07B472.e.93/value => [value]
[2025-12-24T06:47:03.721Z] - Bidi Screenshot (frame: 35)
[2025-12-24T06:47:03.734Z] - Bidi Screenshot (frame: 36)
[2025-12-24T06:47:03.739Z] Add frame for command: /session/:sessionId/actions => [actions]
[2025-12-24T06:47:03.868Z] - Bidi Screenshot (frame: 37)
[2025-12-24T06:47:03.949Z] Add frame for command: /session/:sessionId/element/f.BFF3A2F9B81D76A1764B2C969379E4D9.d.5921E611B659E7D7AABC9BF6EA07B472.e.96/clear => [clear]
[2025-12-24T06:47:04.319Z] Add frame for command: /session/:sessionId/element/f.BFF3A2F9B81D76A1764B2C969379E4D9.d.5921E611B659E7D7AABC9BF6EA07B472.e.96/value => [value]
[2025-12-24T06:47:04.528Z] - Bidi Screenshot (frame: 38)
[2025-12-24T06:47:04.538Z] - Bidi Screenshot (frame: 39)
[2025-12-24T06:47:04.609Z] Add frame for command: /session/:sessionId/element/f.BFF3A2F9B81D76A1764B2C969379E4D9.d.5921E611B659E7D7AABC9BF6EA07B472.e.176/click => [click]
[2025-12-24T06:47:04.818Z] - Bidi Screenshot (frame: 40)
[2025-12-24T06:47:04.904Z] Add frame for command: /session/:sessionId/element/f.BFF3A2F9B81D76A1764B2C969379E4D9.d.5921E611B659E7D7AABC9BF6EA07B472.e.242/click => [click]
[2025-12-24T06:47:05.067Z] - Bidi Screenshot (frame: 41)
[2025-12-24T06:47:05.069Z] Add frame for command: /session/:sessionId/actions => [actions]
[2025-12-24T06:47:05.233Z] - Bidi Screenshot (frame: 42)
[2025-12-24T06:47:05.250Z] Add frame for command: /session/:sessionId/element/f.BFF3A2F9B81D76A1764B2C969379E4D9.d.5921E611B659E7D7AABC9BF6EA07B472.e.243/click => [click]
[2025-12-24T06:47:05.313Z] Add frame for command: /session/:sessionId/actions => [actions]
[2025-12-24T06:47:05.321Z] Add frame for command: /session/:sessionId/actions => [actions]
[2025-12-24T06:47:05.431Z] - Bidi Screenshot (frame: 43)
[2025-12-24T06:47:05.534Z] - Bidi Screenshot (frame: 44)
[2025-12-24T06:47:05.632Z] - Bidi Screenshot (frame: 45)
[2025-12-24T06:47:06.235Z] Add frame for command: /session/:sessionId/element/f.BFF3A2F9B81D76A1764B2C969379E4D9.d.5921E611B659E7D7AABC9BF6EA07B472.e.99/click => [click]
[2025-12-24T06:47:06.368Z] - Bidi Screenshot (frame: 46)
[2025-12-24T06:47:09.304Z] Add frame for command: /session/:sessionId/actions => [actions]
[2025-12-24T06:47:09.319Z] Add frame for command: /session/:sessionId/actions => [actions]
[2025-12-24T06:47:09.352Z] Add frame for command: /session/:sessionId/actions => [actions]
[2025-12-24T06:47:09.435Z] Add frame for command: /session/:sessionId/actions => [actions]
[2025-12-24T06:47:09.444Z] - Bidi Screenshot (frame: 47)
[2025-12-24T06:47:09.513Z] Add frame for command: /session/:sessionId/actions => [actions]
[2025-12-24T06:47:09.521Z] - Bidi Screenshot (frame: 48)
[2025-12-24T06:47:09.578Z] Add frame for command: /session/:sessionId/actions => [actions]
[2025-12-24T06:47:09.598Z] - Bidi Screenshot (frame: 49)
[2025-12-24T06:47:09.654Z] Add frame for command: /session/:sessionId/actions => [actions]
[2025-12-24T06:47:09.681Z] - Bidi Screenshot (frame: 50)
[2025-12-24T06:47:09.797Z] Add frame for command: /session/:sessionId/actions => [actions]
[2025-12-24T06:47:09.805Z] - Bidi Screenshot (frame: 51)
[2025-12-24T06:47:09.825Z] Add frame for command: /session/:sessionId/actions => [actions]
[2025-12-24T06:47:09.846Z] - Bidi Screenshot (frame: 52)
[2025-12-24T06:47:09.910Z] Add frame for command: /session/:sessionId/actions => [actions]
[2025-12-24T06:47:09.932Z] - Bidi Screenshot (frame: 53)
[2025-12-24T06:47:10.157Z] - Bidi Screenshot (frame: 54)
[2025-12-24T06:47:10.180Z] Add frame for command: /session/:sessionId/element/f.BFF3A2F9B81D76A1764B2C969379E4D9.d.5921E611B659E7D7AABC9BF6EA07B472.e.99/clear => [clear]
[2025-12-24T06:47:10.187Z] - Bidi Screenshot (frame: 55)
[2025-12-24T06:47:10.197Z] - Bidi Screenshot (frame: 56)
[2025-12-24T06:47:10.288Z] - Bidi Screenshot (frame: 57)
[2025-12-24T06:47:13.240Z] Add frame for command: /session/:sessionId/element/f.BFF3A2F9B81D76A1764B2C969379E4D9.d.5921E611B659E7D7AABC9BF6EA07B472.e.99/clear => [clear]
[2025-12-24T06:47:13.281Z] Add frame for command: /session/:sessionId/element/f.BFF3A2F9B81D76A1764B2C969379E4D9.d.5921E611B659E7D7AABC9BF6EA07B472.e.99/value => [value]
[2025-12-24T06:47:13.451Z] - Bidi Screenshot (frame: 58)
[2025-12-24T06:47:13.462Z] - Bidi Screenshot (frame: 59)
[2025-12-24T06:47:16.393Z] Add frame for command: /session/:sessionId/element/f.BFF3A2F9B81D76A1764B2C969379E4D9.d.5921E611B659E7D7AABC9BF6EA07B472.e.100/click => [click]
[2025-12-24T06:47:16.437Z] Add frame for command: /session/:sessionId/actions => [actions]
[2025-12-24T06:47:16.468Z] Add frame for command: /session/:sessionId/actions => [actions]
[2025-12-24T06:47:16.565Z] Add frame for command: /session/:sessionId/actions => [actions]
[2025-12-24T06:47:16.576Z] - Bidi Screenshot (frame: 60)
[2025-12-24T06:47:16.646Z] Add frame for command: /session/:sessionId/actions => [actions]
[2025-12-24T06:47:16.661Z] - Bidi Screenshot (frame: 61)
[2025-12-24T06:47:16.720Z] Add frame for command: /session/:sessionId/actions => [actions]
[2025-12-24T06:47:16.740Z] - Bidi Screenshot (frame: 62)
[2025-12-24T06:47:16.790Z] Add frame for command: /session/:sessionId/actions => [actions]
[2025-12-24T06:47:16.810Z] - Bidi Screenshot (frame: 63)
[2025-12-24T06:47:16.866Z] Add frame for command: /session/:sessionId/actions => [actions]
[2025-12-24T06:47:16.886Z] - Bidi Screenshot (frame: 64)
[2025-12-24T06:47:16.940Z] Add frame for command: /session/:sessionId/actions => [actions]
[2025-12-24T06:47:16.959Z] - Bidi Screenshot (frame: 65)
[2025-12-24T06:47:17.014Z] Add frame for command: /session/:sessionId/actions => [actions]
[2025-12-24T06:47:17.033Z] - Bidi Screenshot (frame: 66)
[2025-12-24T06:47:17.147Z] Add frame for command: /session/:sessionId/actions => [actions]
[2025-12-24T06:47:17.157Z] - Bidi Screenshot (frame: 67)
[2025-12-24T06:47:17.188Z] - Bidi Screenshot (frame: 68)
[2025-12-24T06:47:17.259Z] - Bidi Screenshot (frame: 69)
[2025-12-24T06:47:17.330Z] - Bidi Screenshot (frame: 70)
[2025-12-24T06:47:17.340Z] Add frame for command: /session/:sessionId/element/f.BFF3A2F9B81D76A1764B2C969379E4D9.d.5921E611B659E7D7AABC9BF6EA07B472.e.100/clear => [clear]
[2025-12-24T06:47:17.374Z] Add frame for command: /session/:sessionId/element/f.BFF3A2F9B81D76A1764B2C969379E4D9.d.5921E611B659E7D7AABC9BF6EA07B472.e.100/clear => [clear]
[2025-12-24T06:47:17.457Z] - Bidi Screenshot (frame: 71)
[2025-12-24T06:47:17.474Z] Add frame for command: /session/:sessionId/element/f.BFF3A2F9B81D76A1764B2C969379E4D9.d.5921E611B659E7D7AABC9BF6EA07B472.e.100/value => [value]
[2025-12-24T06:47:17.674Z] - Bidi Screenshot (frame: 72)
[2025-12-24T06:47:17.681Z] - Bidi Screenshot (frame: 73)
[2025-12-24T06:47:17.733Z] Add frame for command: /session/:sessionId/element/f.BFF3A2F9B81D76A1764B2C969379E4D9.d.5921E611B659E7D7AABC9BF6EA07B472.e.101/click => [click]
[2025-12-24T06:47:17.764Z] Add frame for command: /session/:sessionId/actions => [actions]
[2025-12-24T06:47:17.801Z] Add frame for command: /session/:sessionId/actions => [actions]
[2025-12-24T06:47:17.901Z] Add frame for command: /session/:sessionId/actions => [actions]
[2025-12-24T06:47:17.915Z] - Bidi Screenshot (frame: 74)
[2025-12-24T06:47:17.994Z] - Bidi Screenshot (frame: 75)
[2025-12-24T06:47:18.042Z] Add frame for command: /session/:sessionId/actions => [actions]
[2025-12-24T06:47:18.056Z] - Bidi Screenshot (frame: 76)
[2025-12-24T06:47:18.082Z] Add frame for command: /session/:sessionId/actions => [actions]
[2025-12-24T06:47:18.153Z] Add frame for command: /session/:sessionId/actions => [actions]
[2025-12-24T06:47:18.166Z] - Bidi Screenshot (frame: 77)
[2025-12-24T06:47:18.224Z] Add frame for command: /session/:sessionId/actions => [actions]
[2025-12-24T06:47:18.248Z] - Bidi Screenshot (frame: 78)
[2025-12-24T06:47:18.363Z] Add frame for command: /session/:sessionId/actions => [actions]
[2025-12-24T06:47:18.369Z] - Bidi Screenshot (frame: 79)
[2025-12-24T06:47:18.384Z] Add frame for command: /session/:sessionId/actions => [actions]
[2025-12-24T06:47:18.400Z] - Bidi Screenshot (frame: 80)
[2025-12-24T06:47:18.460Z] Add frame for command: /session/:sessionId/actions => [actions]
[2025-12-24T06:47:18.477Z] - Bidi Screenshot (frame: 81)
[2025-12-24T06:47:18.671Z] - Bidi Screenshot (frame: 82)
[2025-12-24T06:47:18.679Z] - Bidi Screenshot (frame: 83)
[2025-12-24T06:47:18.688Z] - Bidi Screenshot (frame: 84)
[2025-12-24T06:47:18.713Z] Add frame for command: /session/:sessionId/element/f.BFF3A2F9B81D76A1764B2C969379E4D9.d.5921E611B659E7D7AABC9BF6EA07B472.e.101/clear => [clear]
[2025-12-24T06:47:18.748Z] Add frame for command: /session/:sessionId/element/f.BFF3A2F9B81D76A1764B2C969379E4D9.d.5921E611B659E7D7AABC9BF6EA07B472.e.101/clear => [clear]
[2025-12-24T06:47:18.819Z] - Bidi Screenshot (frame: 85)
[2025-12-24T06:47:18.843Z] Add frame for command: /session/:sessionId/element/f.BFF3A2F9B81D76A1764B2C969379E4D9.d.5921E611B659E7D7AABC9BF6EA07B472.e.101/value => [value]
[2025-12-24T06:47:19.011Z] - Bidi Screenshot (frame: 86)
[2025-12-24T06:47:19.022Z] - Bidi Screenshot (frame: 87)
[2025-12-24T06:47:19.061Z] Add frame for command: /session/:sessionId/element/f.BFF3A2F9B81D76A1764B2C969379E4D9.d.5921E611B659E7D7AABC9BF6EA07B472.e.102/click => [click]
[2025-12-24T06:47:19.091Z] Add frame for command: /session/:sessionId/actions => [actions]
[2025-12-24T06:47:19.129Z] Add frame for command: /session/:sessionId/actions => [actions]
[2025-12-24T06:47:19.223Z] Add frame for command: /session/:sessionId/actions => [actions]
[2025-12-24T06:47:19.246Z] - Bidi Screenshot (frame: 88)
[2025-12-24T06:47:19.325Z] Add frame for command: /session/:sessionId/actions => [actions]
[2025-12-24T06:47:19.348Z] - Bidi Screenshot (frame: 89)
[2025-12-24T06:47:19.402Z] Add frame for command: /session/:sessionId/actions => [actions]
[2025-12-24T06:47:19.423Z] - Bidi Screenshot (frame: 90)
[2025-12-24T06:47:19.535Z] Add frame for command: /session/:sessionId/actions => [actions]
[2025-12-24T06:47:19.547Z] - Bidi Screenshot (frame: 91)
[2025-12-24T06:47:19.558Z] - Bidi Screenshot (frame: 92)
[2025-12-24T06:47:19.568Z] Add frame for command: /session/:sessionId/actions => [actions]
[2025-12-24T06:47:19.639Z] Add frame for command: /session/:sessionId/actions => [actions]
[2025-12-24T06:47:19.656Z] - Bidi Screenshot (frame: 93)
[2025-12-24T06:47:19.709Z] Add frame for command: /session/:sessionId/actions => [actions]
[2025-12-24T06:47:19.728Z] - Bidi Screenshot (frame: 94)
[2025-12-24T06:47:19.844Z] Add frame for command: /session/:sessionId/actions => [actions]
[2025-12-24T06:47:19.851Z] - Bidi Screenshot (frame: 95)
[2025-12-24T06:47:19.867Z] - Bidi Screenshot (frame: 96)
[2025-12-24T06:47:20.009Z] Add frame for command: /session/:sessionId/element/f.BFF3A2F9B81D76A1764B2C969379E4D9.d.5921E611B659E7D7AABC9BF6EA07B472.e.102/clear => [clear]
[2025-12-24T06:47:20.021Z] - Bidi Screenshot (frame: 97)
[2025-12-24T06:47:20.032Z] - Bidi Screenshot (frame: 98)
[2025-12-24T06:47:20.123Z] Add frame for command: /session/:sessionId/element/f.BFF3A2F9B81D76A1764B2C969379E4D9.d.5921E611B659E7D7AABC9BF6EA07B472.e.102/clear => [clear]
[2025-12-24T06:47:20.129Z] - Bidi Screenshot (frame: 99)
[2025-12-24T06:47:20.157Z] Add frame for command: /session/:sessionId/element/f.BFF3A2F9B81D76A1764B2C969379E4D9.d.5921E611B659E7D7AABC9BF6EA07B472.e.102/value => [value]
[2025-12-24T06:47:20.327Z] - Bidi Screenshot (frame: 100)
[2025-12-24T06:47:20.334Z] - Bidi Screenshot (frame: 101)
[2025-12-24T06:47:20.375Z] Add frame for command: /session/:sessionId/element/f.BFF3A2F9B81D76A1764B2C969379E4D9.d.5921E611B659E7D7AABC9BF6EA07B472.e.103/click => [click]
[2025-12-24T06:47:20.423Z] Add frame for command: /session/:sessionId/actions => [actions]
[2025-12-24T06:47:20.455Z] Add frame for command: /session/:sessionId/actions => [actions]
[2025-12-24T06:47:20.556Z] Add frame for command: /session/:sessionId/actions => [actions]
[2025-12-24T06:47:20.569Z] - Bidi Screenshot (frame: 102)
[2025-12-24T06:47:20.634Z] Add frame for command: /session/:sessionId/actions => [actions]
[2025-12-24T06:47:20.658Z] - Bidi Screenshot (frame: 103)
[2025-12-24T06:47:20.715Z] Add frame for command: /session/:sessionId/actions => [actions]
[2025-12-24T06:47:20.735Z] - Bidi Screenshot (frame: 104)
[2025-12-24T06:47:20.851Z] Add frame for command: /session/:sessionId/actions => [actions]
[2025-12-24T06:47:20.860Z] - Bidi Screenshot (frame: 105)
[2025-12-24T06:47:20.877Z] - Bidi Screenshot (frame: 106)
[2025-12-24T06:47:20.885Z] Add frame for command: /session/:sessionId/actions => [actions]
[2025-12-24T06:47:20.971Z] Add frame for command: /session/:sessionId/actions => [actions]
[2025-12-24T06:47:20.994Z] - Bidi Screenshot (frame: 107)
[2025-12-24T06:47:21.115Z] - Bidi Screenshot (frame: 108)
[2025-12-24T06:47:21.118Z] Add frame for command: /session/:sessionId/actions => [actions]
[2025-12-24T06:47:21.130Z] - Bidi Screenshot (frame: 109)
[2025-12-24T06:47:21.140Z] Add frame for command: /session/:sessionId/actions => [actions]
[2025-12-24T06:47:21.232Z] - Bidi Screenshot (frame: 110)
[2025-12-24T06:47:21.356Z] - Bidi Screenshot (frame: 111)
[2025-12-24T06:47:21.364Z] - Bidi Screenshot (frame: 112)
[2025-12-24T06:47:21.367Z] Add frame for command: /session/:sessionId/element/f.BFF3A2F9B81D76A1764B2C969379E4D9.d.5921E611B659E7D7AABC9BF6EA07B472.e.103/clear => [clear]
[2025-12-24T06:47:21.412Z] Add frame for command: /session/:sessionId/element/f.BFF3A2F9B81D76A1764B2C969379E4D9.d.5921E611B659E7D7AABC9BF6EA07B472.e.103/clear => [clear]
[2025-12-24T06:47:21.487Z] - Bidi Screenshot (frame: 113)
[2025-12-24T06:47:21.519Z] Add frame for command: /session/:sessionId/element/f.BFF3A2F9B81D76A1764B2C969379E4D9.d.5921E611B659E7D7AABC9BF6EA07B472.e.103/value => [value]
[2025-12-24T06:47:21.693Z] - Bidi Screenshot (frame: 114)
[2025-12-24T06:47:21.700Z] - Bidi Screenshot (frame: 115)
[2025-12-24T06:47:21.716Z] Add frame for command: /session/:sessionId/actions => [actions]
[2025-12-24T06:47:21.841Z] - Bidi Screenshot (frame: 116)
[2025-12-24T06:47:21.940Z] Add frame for command: /session/:sessionId/element/f.BFF3A2F9B81D76A1764B2C969379E4D9.d.5921E611B659E7D7AABC9BF6EA07B472.e.200/click => [click]
[2025-12-24T06:47:22.182Z] - Bidi Screenshot (frame: 117)
[2025-12-24T06:47:22.492Z] Add frame for command: /session/:sessionId/actions => [actions]
[2025-12-24T06:47:22.673Z] - Bidi Screenshot (frame: 118)
[2025-12-24T06:47:22.677Z] Add frame for command: /session/:sessionId/element/f.BFF3A2F9B81D76A1764B2C969379E4D9.d.5921E611B659E7D7AABC9BF6EA07B472.e.298/click => [click]
[2025-12-24T06:47:22.742Z] Add frame for command: /session/:sessionId/actions => [actions]
[2025-12-24T06:47:22.826Z] - Bidi Screenshot (frame: 119)
[2025-12-24T06:47:22.939Z] - Bidi Screenshot (frame: 120)
[2025-12-24T06:47:23.016Z] Add frame for command: /session/:sessionId/element/f.BFF3A2F9B81D76A1764B2C969379E4D9.d.5921E611B659E7D7AABC9BF6EA07B472.e.301/click => [click]
[2025-12-24T06:47:23.188Z] - Bidi Screenshot (frame: 121)
[2025-12-24T06:47:27.039Z] Add frame for command: /session/:sessionId/url => [url]
[2025-12-24T06:47:27.220Z] - Bidi Screenshot (frame: 122)
[2025-12-24T06:47:27.828Z] Add frame for command: /session/:sessionId/actions => [actions]
[2025-12-24T06:47:27.923Z] Add frame for command: /session/:sessionId/element/f.BFF3A2F9B81D76A1764B2C969379E4D9.d.3D9D6558C038AB17B6762C4E4BBDE933.e.391/click => [click]
[2025-12-24T06:47:29.608Z] - Bidi Screenshot (frame: 123)
[2025-12-24T06:47:29.621Z] - Bidi Screenshot (frame: 124)
[2025-12-24T06:47:29.713Z] Add frame for command: /session/:sessionId/element/f.BFF3A2F9B81D76A1764B2C969379E4D9.d.3D9D6558C038AB17B6762C4E4BBDE933.e.393/click => [click]
[2025-12-24T06:47:29.721Z] Add frame for command: /session/:sessionId/url => [url]
[2025-12-24T06:47:30.089Z] Add frame for command: /session/:sessionId/url => [url]
[2025-12-24T06:47:30.211Z] - Bidi Screenshot (frame: 125)
[2025-12-24T06:47:30.235Z] Bidi Screenshot not available (frame: 127). Error: Error: WebDriver Bidi command "browsingContext.captureScreenshot" failed with error: unknown error - Cannot find context with specified id..
[2025-12-24T06:47:30.237Z] - Bidi Screenshot (frame: 126)
[2025-12-24T06:47:30.285Z] Add frame for command: /session/:sessionId/element/f.BFF3A2F9B81D76A1764B2C969379E4D9.d.1D655EEBF600C33BF091377F8CE87BBF.e.410/clear => [clear]
[2025-12-24T06:47:30.372Z] Add frame for command: /session/:sessionId/element/f.BFF3A2F9B81D76A1764B2C969379E4D9.d.1D655EEBF600C33BF091377F8CE87BBF.e.410/value => [value]
[2025-12-24T06:47:30.450Z] Add frame for command: /session/:sessionId/element/f.BFF3A2F9B81D76A1764B2C969379E4D9.d.1D655EEBF600C33BF091377F8CE87BBF.e.411/clear => [clear]
[2025-12-24T06:47:30.547Z] - Bidi Screenshot (frame: 128)
[2025-12-24T06:47:30.551Z] - Bidi Screenshot (frame: 129)
[2025-12-24T06:47:30.617Z] Add frame for command: /session/:sessionId/element/f.BFF3A2F9B81D76A1764B2C969379E4D9.d.1D655EEBF600C33BF091377F8CE87BBF.e.411/value => [value]
[2025-12-24T06:47:30.779Z] - Bidi Screenshot (frame: 130)
[2025-12-24T06:47:30.781Z] Add frame for command: /session/:sessionId/actions => [actions]
[2025-12-24T06:47:30.784Z] - Bidi Screenshot (frame: 131)
[2025-12-24T06:47:30.786Z] Add frame for command: /session/:sessionId/actions => [actions]
[2025-12-24T06:47:30.937Z] - Bidi Screenshot (frame: 132)
[2025-12-24T06:47:30.939Z] - Bidi Screenshot (frame: 133)
[2025-12-24T06:47:30.972Z] Add frame for command: /session/:sessionId/element/f.BFF3A2F9B81D76A1764B2C969379E4D9.d.1D655EEBF600C33BF091377F8CE87BBF.e.417/click => [click]
[2025-12-24T06:47:30.980Z] Add frame for command: /session/:sessionId/url => [url]
[2025-12-24T06:47:31.174Z] - Bidi Screenshot (frame: 134)
[2025-12-24T06:47:31.180Z] - Bidi Screenshot (frame: 135)
[2025-12-24T06:47:31.341Z] Add frame for command: /session/:sessionId/url => [url]
[2025-12-24T06:47:31.462Z] Add frame for command: /session/:sessionId/actions => [actions]
[2025-12-24T06:47:31.479Z] Add frame for command: /session/:sessionId/actions => [actions]
[2025-12-24T06:47:31.621Z] - Bidi Screenshot (frame: 136)
[2025-12-24T06:47:31.732Z] - Bidi Screenshot (frame: 137)
[2025-12-24T06:47:31.823Z] - Bidi Screenshot (frame: 138)
[2025-12-24T06:47:31.898Z] Add frame for command: /session/:sessionId/element/f.BFF3A2F9B81D76A1764B2C969379E4D9.d.1D655EEBF600C33BF091377F8CE87BBF.e.446/click => [click]
[2025-12-24T06:47:32.082Z] - Bidi Screenshot (frame: 139)
[2025-12-24T06:47:32.946Z] Add frame for command: /session/:sessionId/actions => [actions]
[2025-12-24T06:47:33.096Z] - Bidi Screenshot (frame: 140)
[2025-12-24T06:47:33.193Z] Add frame for command: /session/:sessionId/element/f.BFF3A2F9B81D76A1764B2C969379E4D9.d.1D655EEBF600C33BF091377F8CE87BBF.e.472/click => [click]
[2025-12-24T06:47:33.201Z] Add frame for command: /session/:sessionId/url => [url]
[2025-12-24T06:47:33.476Z] - Bidi Screenshot (frame: 141)
[2025-12-24T06:47:33.486Z] - Bidi Screenshot (frame: 142)
[2025-12-24T06:47:33.732Z] Add frame for command: /session/:sessionId/element/f.BFF3A2F9B81D76A1764B2C969379E4D9.d.1D655EEBF600C33BF091377F8CE87BBF.e.514/click => [click]
[2025-12-24T06:47:33.987Z] - Bidi Screenshot (frame: 143)
[2025-12-24T06:47:34.062Z] Add frame for command: /session/:sessionId/element/f.BFF3A2F9B81D76A1764B2C969379E4D9.d.1D655EEBF600C33BF091377F8CE87BBF.e.532/click => [click]
[2025-12-24T06:47:34.196Z] Add frame for command: /session/:sessionId/element/f.BFF3A2F9B81D76A1764B2C969379E4D9.d.1D655EEBF600C33BF091377F8CE87BBF.e.532/clear => [clear]
[2025-12-24T06:47:34.209Z] - Bidi Screenshot (frame: 144)
[2025-12-24T06:47:34.335Z] Add frame for command: /session/:sessionId/element/f.BFF3A2F9B81D76A1764B2C969379E4D9.d.1D655EEBF600C33BF091377F8CE87BBF.e.532/value => [value]
[2025-12-24T06:47:34.379Z] Add frame for command: /session/:sessionId/actions => [actions]
[2025-12-24T06:47:34.492Z] - Bidi Screenshot (frame: 145)
[2025-12-24T06:47:34.640Z] - Bidi Screenshot (frame: 146)
[2025-12-24T06:47:34.654Z] - Bidi Screenshot (frame: 147)
[2025-12-24T06:47:35.128Z] Add frame for command: /session/:sessionId/element/f.BFF3A2F9B81D76A1764B2C969379E4D9.d.1D655EEBF600C33BF091377F8CE87BBF.e.571/click => [click]
[2025-12-24T06:47:35.294Z] - Bidi Screenshot (frame: 148)
[2025-12-24T06:47:35.336Z] Add frame for command: /session/:sessionId/element/f.BFF3A2F9B81D76A1764B2C969379E4D9.d.1D655EEBF600C33BF091377F8CE87BBF.e.572/click => [click]
[2025-12-24T06:47:35.355Z] Add frame for command: /session/:sessionId/url => [url]
[2025-12-24T06:47:35.757Z] Add frame for command: /session/:sessionId/url => [url]
[2025-12-24T06:47:35.884Z] - Bidi Screenshot (frame: 149)
[2025-12-24T06:47:35.890Z] - Bidi Screenshot (frame: 150)
[2025-12-24T06:47:35.897Z] Bidi Screenshot not available (frame: 151). Error: Error: WebDriver Bidi command "browsingContext.captureScreenshot" failed with error: unknown error - Cannot find context with specified id..
[2025-12-24T06:47:35.949Z] Add frame for command: /session/:sessionId/element/f.BFF3A2F9B81D76A1764B2C969379E4D9.d.8360ACB3A79334CA881C9DDCCCF4556D.e.576/clear => [clear]
[2025-12-24T06:47:36.018Z] Add frame for command: /session/:sessionId/element/f.BFF3A2F9B81D76A1764B2C969379E4D9.d.8360ACB3A79334CA881C9DDCCCF4556D.e.576/value => [value]
[2025-12-24T06:47:36.062Z] Add frame for command: /session/:sessionId/element/f.BFF3A2F9B81D76A1764B2C969379E4D9.d.8360ACB3A79334CA881C9DDCCCF4556D.e.577/clear => [clear]
[2025-12-24T06:47:36.178Z] - Bidi Screenshot (frame: 152)
[2025-12-24T06:47:36.181Z] - Bidi Screenshot (frame: 153)
[2025-12-24T06:47:36.231Z] Add frame for command: /session/:sessionId/element/f.BFF3A2F9B81D76A1764B2C969379E4D9.d.8360ACB3A79334CA881C9DDCCCF4556D.e.577/value => [value]
[2025-12-24T06:47:36.299Z] Add frame for command: /session/:sessionId/actions => [actions]
[2025-12-24T06:47:36.397Z] - Bidi Screenshot (frame: 154)
[2025-12-24T06:47:36.400Z] Add frame for command: /session/:sessionId/actions => [actions]
[2025-12-24T06:47:36.403Z] - Bidi Screenshot (frame: 155)
[2025-12-24T06:47:36.562Z] - Bidi Screenshot (frame: 156)
[2025-12-24T06:47:36.564Z] - Bidi Screenshot (frame: 157)
[2025-12-24T06:47:36.601Z] Add frame for command: /session/:sessionId/element/f.BFF3A2F9B81D76A1764B2C969379E4D9.d.8360ACB3A79334CA881C9DDCCCF4556D.e.583/click => [click]
[2025-12-24T06:47:36.605Z] Add frame for command: /session/:sessionId/url => [url]
[2025-12-24T06:47:36.797Z] - Bidi Screenshot (frame: 158)
[2025-12-24T06:47:36.813Z] - Bidi Screenshot (frame: 159)
[2025-12-24T06:47:36.946Z] Add frame for command: /session/:sessionId/url => [url]
[2025-12-24T06:47:37.162Z] Add frame for command: /session/:sessionId/actions => [actions]
[2025-12-24T06:47:37.181Z] Add frame for command: /session/:sessionId/actions => [actions]
[2025-12-24T06:47:37.202Z] - Bidi Screenshot (frame: 160)
[2025-12-24T06:47:37.422Z] - Bidi Screenshot (frame: 161)
[2025-12-24T06:47:37.432Z] - Bidi Screenshot (frame: 162)
[2025-12-24T06:47:37.478Z] Add frame for command: /session/:sessionId/element/f.BFF3A2F9B81D76A1764B2C969379E4D9.d.8360ACB3A79334CA881C9DDCCCF4556D.e.607/click => [click]
[2025-12-24T06:47:37.711Z] - Bidi Screenshot (frame: 163)
[2025-12-24T06:47:38.523Z] Add frame for command: /session/:sessionId/actions => [actions]
[2025-12-24T06:47:38.653Z] - Bidi Screenshot (frame: 164)
[2025-12-24T06:47:38.786Z] Add frame for command: /session/:sessionId/element/f.BFF3A2F9B81D76A1764B2C969379E4D9.d.8360ACB3A79334CA881C9DDCCCF4556D.e.631/click => [click]
[2025-12-24T06:47:38.849Z] Add frame for command: /session/:sessionId/url => [url]
[2025-12-24T06:47:39.082Z] - Bidi Screenshot (frame: 165)
[2025-12-24T06:47:39.089Z] - Bidi Screenshot (frame: 166)
[2025-12-24T06:47:39.180Z] Add frame for command: /session/:sessionId/element/f.BFF3A2F9B81D76A1764B2C969379E4D9.d.8360ACB3A79334CA881C9DDCCCF4556D.e.639/clear => [clear]
[2025-12-24T06:47:39.286Z] Add frame for command: /session/:sessionId/element/f.BFF3A2F9B81D76A1764B2C969379E4D9.d.8360ACB3A79334CA881C9DDCCCF4556D.e.639/value => [value]
[2025-12-24T06:47:39.502Z] - Bidi Screenshot (frame: 167)
[2025-12-24T06:47:39.510Z] - Bidi Screenshot (frame: 168)
[2025-12-24T06:47:39.524Z] Add frame for command: /session/:sessionId/element/f.BFF3A2F9B81D76A1764B2C969379E4D9.d.8360ACB3A79334CA881C9DDCCCF4556D.e.640/clear => [clear]
[2025-12-24T06:47:39.616Z] Add frame for command: /session/:sessionId/element/f.BFF3A2F9B81D76A1764B2C969379E4D9.d.8360ACB3A79334CA881C9DDCCCF4556D.e.640/value => [value]
[2025-12-24T06:47:39.840Z] - Bidi Screenshot (frame: 169)
[2025-12-24T06:47:39.848Z] - Bidi Screenshot (frame: 170)
[2025-12-24T06:47:39.857Z] Add frame for command: /session/:sessionId/element/f.BFF3A2F9B81D76A1764B2C969379E4D9.d.8360ACB3A79334CA881C9DDCCCF4556D.e.641/clear => [clear]
[2025-12-24T06:47:39.939Z] Add frame for command: /session/:sessionId/element/f.BFF3A2F9B81D76A1764B2C969379E4D9.d.8360ACB3A79334CA881C9DDCCCF4556D.e.641/value => [value]
[2025-12-24T06:47:40.152Z] - Bidi Screenshot (frame: 171)
[2025-12-24T06:47:40.159Z] - Bidi Screenshot (frame: 172)
[2025-12-24T06:47:40.207Z] Add frame for command: /session/:sessionId/element/f.BFF3A2F9B81D76A1764B2C969379E4D9.d.8360ACB3A79334CA881C9DDCCCF4556D.e.642/click => [click]
[2025-12-24T06:47:40.251Z] Add frame for command: /session/:sessionId/element/f.BFF3A2F9B81D76A1764B2C969379E4D9.d.8360ACB3A79334CA881C9DDCCCF4556D.e.642/clear => [clear]
[2025-12-24T06:47:40.381Z] - Bidi Screenshot (frame: 173)
[2025-12-24T06:47:40.421Z] Add frame for command: /session/:sessionId/element/f.BFF3A2F9B81D76A1764B2C969379E4D9.d.8360ACB3A79334CA881C9DDCCCF4556D.e.642/value => [value]
[2025-12-24T06:47:40.612Z] - Bidi Screenshot (frame: 174)
[2025-12-24T06:47:40.619Z] - Bidi Screenshot (frame: 175)
[2025-12-24T06:47:41.006Z] Add frame for command: /session/:sessionId/element/f.BFF3A2F9B81D76A1764B2C969379E4D9.d.8360ACB3A79334CA881C9DDCCCF4556D.e.694/click => [click]
[2025-12-24T06:47:41.153Z] - Bidi Screenshot (frame: 176)
[2025-12-24T06:47:41.166Z] Add frame for command: /session/:sessionId/element/f.BFF3A2F9B81D76A1764B2C969379E4D9.d.8360ACB3A79334CA881C9DDCCCF4556D.e.646/clear => [clear]
[2025-12-24T06:47:41.270Z] Add frame for command: /session/:sessionId/element/f.BFF3A2F9B81D76A1764B2C969379E4D9.d.8360ACB3A79334CA881C9DDCCCF4556D.e.646/value => [value]
[2025-12-24T06:47:41.497Z] - Bidi Screenshot (frame: 177)
[2025-12-24T06:47:41.503Z] - Bidi Screenshot (frame: 178)
[2025-12-24T06:47:41.529Z] Add frame for command: /session/:sessionId/element/f.BFF3A2F9B81D76A1764B2C969379E4D9.d.8360ACB3A79334CA881C9DDCCCF4556D.e.647/clear => [clear]
[2025-12-24T06:47:41.627Z] Add frame for command: /session/:sessionId/element/f.BFF3A2F9B81D76A1764B2C969379E4D9.d.8360ACB3A79334CA881C9DDCCCF4556D.e.647/value => [value]
[2025-12-24T06:47:41.859Z] - Bidi Screenshot (frame: 179)
[2025-12-24T06:47:41.868Z] - Bidi Screenshot (frame: 180)
[2025-12-24T06:47:41.883Z] Add frame for command: /session/:sessionId/element/f.BFF3A2F9B81D76A1764B2C969379E4D9.d.8360ACB3A79334CA881C9DDCCCF4556D.e.648/clear => [clear]
[2025-12-24T06:47:41.980Z] Add frame for command: /session/:sessionId/element/f.BFF3A2F9B81D76A1764B2C969379E4D9.d.8360ACB3A79334CA881C9DDCCCF4556D.e.648/value => [value]
[2025-12-24T06:47:42.186Z] - Bidi Screenshot (frame: 181)
[2025-12-24T06:47:42.194Z] - Bidi Screenshot (frame: 182)
[2025-12-24T06:47:42.235Z] Add frame for command: /session/:sessionId/element/f.BFF3A2F9B81D76A1764B2C969379E4D9.d.8360ACB3A79334CA881C9DDCCCF4556D.e.649/click => [click]
[2025-12-24T06:47:42.264Z] Add frame for command: /session/:sessionId/actions => [actions]
[2025-12-24T06:47:42.301Z] Add frame for command: /session/:sessionId/actions => [actions]
[2025-12-24T06:47:42.426Z] - Bidi Screenshot (frame: 183)
[2025-12-24T06:47:42.572Z] - Bidi Screenshot (frame: 184)
[2025-12-24T06:47:42.576Z] - Bidi Screenshot (frame: 185)
[2025-12-24T06:47:45.354Z] Add frame for command: /session/:sessionId/element/f.BFF3A2F9B81D76A1764B2C969379E4D9.d.8360ACB3A79334CA881C9DDCCCF4556D.e.649/clear => [clear]
[2025-12-24T06:47:45.401Z] Add frame for command: /session/:sessionId/element/f.BFF3A2F9B81D76A1764B2C969379E4D9.d.8360ACB3A79334CA881C9DDCCCF4556D.e.649/value => [value]
[2025-12-24T06:47:45.588Z] - Bidi Screenshot (frame: 186)
[2025-12-24T06:47:45.595Z] - Bidi Screenshot (frame: 187)
[2025-12-24T06:47:45.606Z] Add frame for command: /session/:sessionId/actions => [actions]
[2025-12-24T06:47:45.723Z] - Bidi Screenshot (frame: 188)
[2025-12-24T06:47:45.743Z] Add frame for command: /session/:sessionId/element/f.BFF3A2F9B81D76A1764B2C969379E4D9.d.8360ACB3A79334CA881C9DDCCCF4556D.e.652/clear => [clear]
[2025-12-24T06:47:45.816Z] Add frame for command: /session/:sessionId/element/f.BFF3A2F9B81D76A1764B2C969379E4D9.d.8360ACB3A79334CA881C9DDCCCF4556D.e.652/value => [value]
[2025-12-24T06:47:46.032Z] - Bidi Screenshot (frame: 189)
[2025-12-24T06:47:46.040Z] - Bidi Screenshot (frame: 190)
[2025-12-24T06:47:46.097Z] Add frame for command: /session/:sessionId/element/f.BFF3A2F9B81D76A1764B2C969379E4D9.d.8360ACB3A79334CA881C9DDCCCF4556D.e.733/click => [click]
[2025-12-24T06:47:46.283Z] - Bidi Screenshot (frame: 191)
[2025-12-24T06:47:46.350Z] Add frame for command: /session/:sessionId/element/f.BFF3A2F9B81D76A1764B2C969379E4D9.d.8360ACB3A79334CA881C9DDCCCF4556D.e.778/click => [click]
[2025-12-24T06:47:46.394Z] Add frame for command: /session/:sessionId/actions => [actions]
[2025-12-24T06:47:46.498Z] - Bidi Screenshot (frame: 192)
[2025-12-24T06:47:46.570Z] - Bidi Screenshot (frame: 193)
[2025-12-24T06:47:46.618Z] Add frame for command: /session/:sessionId/element/f.BFF3A2F9B81D76A1764B2C969379E4D9.d.8360ACB3A79334CA881C9DDCCCF4556D.e.782/click => [click]
[2025-12-24T06:47:46.743Z] - Bidi Screenshot (frame: 194)
[2025-12-24T06:47:46.746Z] Add frame for command: /session/:sessionId/actions => [actions]
[2025-12-24T06:47:46.749Z] Add frame for command: /session/:sessionId/actions => [actions]
[2025-12-24T06:47:46.939Z] - Bidi Screenshot (frame: 195)
[2025-12-24T06:47:46.946Z] - Bidi Screenshot (frame: 196)
[2025-12-24T06:47:47.395Z] Add frame for command: /session/:sessionId/element/f.BFF3A2F9B81D76A1764B2C969379E4D9.d.8360ACB3A79334CA881C9DDCCCF4556D.e.655/click => [click]
[2025-12-24T06:47:47.531Z] - Bidi Screenshot (frame: 197)
[2025-12-24T06:47:50.431Z] Add frame for command: /session/:sessionId/actions => [actions]
[2025-12-24T06:47:50.465Z] Add frame for command: /session/:sessionId/actions => [actions]
[2025-12-24T06:47:50.494Z] Add frame for command: /session/:sessionId/actions => [actions]
[2025-12-24T06:47:50.573Z] Add frame for command: /session/:sessionId/actions => [actions]
[2025-12-24T06:47:50.590Z] - Bidi Screenshot (frame: 198)
[2025-12-24T06:47:50.646Z] Add frame for command: /session/:sessionId/actions => [actions]
[2025-12-24T06:47:50.661Z] - Bidi Screenshot (frame: 199)
[2025-12-24T06:47:50.735Z] Add frame for command: /session/:sessionId/actions => [actions]
[2025-12-24T06:47:50.746Z] - Bidi Screenshot (frame: 200)
[2025-12-24T06:47:50.807Z] Add frame for command: /session/:sessionId/actions => [actions]
[2025-12-24T06:47:50.826Z] - Bidi Screenshot (frame: 201)
[2025-12-24T06:47:50.954Z] Add frame for command: /session/:sessionId/actions => [actions]
[2025-12-24T06:47:50.963Z] - Bidi Screenshot (frame: 202)
[2025-12-24T06:47:50.975Z] - Bidi Screenshot (frame: 203)
[2025-12-24T06:47:50.983Z] Add frame for command: /session/:sessionId/actions => [actions]
[2025-12-24T06:47:51.125Z] Add frame for command: /session/:sessionId/actions => [actions]
[2025-12-24T06:47:51.131Z] - Bidi Screenshot (frame: 204)
[2025-12-24T06:47:51.142Z] - Bidi Screenshot (frame: 205)
[2025-12-24T06:47:51.290Z] Add frame for command: /session/:sessionId/element/f.BFF3A2F9B81D76A1764B2C969379E4D9.d.8360ACB3A79334CA881C9DDCCCF4556D.e.655/clear => [clear]
[2025-12-24T06:47:51.295Z] - Bidi Screenshot (frame: 206)
[2025-12-24T06:47:51.310Z] - Bidi Screenshot (frame: 207)
[2025-12-24T06:47:51.414Z] - Bidi Screenshot (frame: 208)
[2025-12-24T06:47:54.340Z] Add frame for command: /session/:sessionId/element/f.BFF3A2F9B81D76A1764B2C969379E4D9.d.8360ACB3A79334CA881C9DDCCCF4556D.e.655/clear => [clear]
[2025-12-24T06:47:54.381Z] Add frame for command: /session/:sessionId/element/f.BFF3A2F9B81D76A1764B2C969379E4D9.d.8360ACB3A79334CA881C9DDCCCF4556D.e.655/value => [value]
[2025-12-24T06:47:54.536Z] - Bidi Screenshot (frame: 209)
[2025-12-24T06:47:54.542Z] - Bidi Screenshot (frame: 210)
[2025-12-24T06:47:57.486Z] Add frame for command: /session/:sessionId/element/f.BFF3A2F9B81D76A1764B2C969379E4D9.d.8360ACB3A79334CA881C9DDCCCF4556D.e.656/click => [click]
[2025-12-24T06:47:57.522Z] Add frame for command: /session/:sessionId/actions => [actions]
[2025-12-24T06:47:57.556Z] Add frame for command: /session/:sessionId/actions => [actions]
[2025-12-24T06:47:57.596Z] Add frame for command: /session/:sessionId/actions => [actions]
[2025-12-24T06:47:57.693Z] - Bidi Screenshot (frame: 211)
[2025-12-24T06:47:57.696Z] Add frame for command: /session/:sessionId/actions => [actions]
[2025-12-24T06:47:57.798Z] - Bidi Screenshot (frame: 212)
[2025-12-24T06:47:57.836Z] Add frame for command: /session/:sessionId/actions => [actions]
[2025-12-24T06:47:57.855Z] - Bidi Screenshot (frame: 213)
[2025-12-24T06:47:57.910Z] Add frame for command: /session/:sessionId/actions => [actions]
[2025-12-24T06:47:57.928Z] - Bidi Screenshot (frame: 214)
[2025-12-24T06:47:57.984Z] Add frame for command: /session/:sessionId/actions => [actions]
[2025-12-24T06:47:58.005Z] - Bidi Screenshot (frame: 215)
[2025-12-24T06:47:58.122Z] Add frame for command: /session/:sessionId/actions => [actions]
[2025-12-24T06:47:58.130Z] - Bidi Screenshot (frame: 216)
[2025-12-24T06:47:58.145Z] - Bidi Screenshot (frame: 217)
[2025-12-24T06:47:58.149Z] Add frame for command: /session/:sessionId/actions => [actions]
[2025-12-24T06:47:58.215Z] Add frame for command: /session/:sessionId/actions => [actions]
[2025-12-24T06:47:58.235Z] - Bidi Screenshot (frame: 218)
[2025-12-24T06:47:58.362Z] - Bidi Screenshot (frame: 219)
[2025-12-24T06:47:58.413Z] - Bidi Screenshot (frame: 220)
[2025-12-24T06:47:58.420Z] - Bidi Screenshot (frame: 221)
[2025-12-24T06:47:58.431Z] Add frame for command: /session/:sessionId/element/f.BFF3A2F9B81D76A1764B2C969379E4D9.d.8360ACB3A79334CA881C9DDCCCF4556D.e.656/clear => [clear]
[2025-12-24T06:47:58.477Z] Add frame for command: /session/:sessionId/element/f.BFF3A2F9B81D76A1764B2C969379E4D9.d.8360ACB3A79334CA881C9DDCCCF4556D.e.656/clear => [clear]
[2025-12-24T06:47:58.549Z] - Bidi Screenshot (frame: 222)
[2025-12-24T06:47:58.617Z] Add frame for command: /session/:sessionId/element/f.BFF3A2F9B81D76A1764B2C969379E4D9.d.8360ACB3A79334CA881C9DDCCCF4556D.e.656/value => [value]
[2025-12-24T06:47:58.825Z] - Bidi Screenshot (frame: 223)
[2025-12-24T06:47:58.833Z] - Bidi Screenshot (frame: 224)
[2025-12-24T06:47:58.881Z] Add frame for command: /session/:sessionId/element/f.BFF3A2F9B81D76A1764B2C969379E4D9.d.8360ACB3A79334CA881C9DDCCCF4556D.e.657/click => [click]
[2025-12-24T06:47:58.915Z] Add frame for command: /session/:sessionId/actions => [actions]
[2025-12-24T06:47:58.947Z] Add frame for command: /session/:sessionId/actions => [actions]
[2025-12-24T06:47:58.990Z] Add frame for command: /session/:sessionId/actions => [actions]
[2025-12-24T06:47:59.085Z] - Bidi Screenshot (frame: 225)
[2025-12-24T06:47:59.138Z] Add frame for command: /session/:sessionId/actions => [actions]
[2025-12-24T06:47:59.162Z] - Bidi Screenshot (frame: 226)
[2025-12-24T06:47:59.217Z] Add frame for command: /session/:sessionId/actions => [actions]
[2025-12-24T06:47:59.235Z] - Bidi Screenshot (frame: 227)
[2025-12-24T06:47:59.289Z] Add frame for command: /session/:sessionId/actions => [actions]
[2025-12-24T06:47:59.308Z] - Bidi Screenshot (frame: 228)
[2025-12-24T06:47:59.362Z] Add frame for command: /session/:sessionId/actions => [actions]
[2025-12-24T06:47:59.382Z] - Bidi Screenshot (frame: 229)
[2025-12-24T06:47:59.440Z] Add frame for command: /session/:sessionId/actions => [actions]
[2025-12-24T06:47:59.457Z] - Bidi Screenshot (frame: 230)
[2025-12-24T06:47:59.514Z] Add frame for command: /session/:sessionId/actions => [actions]
[2025-12-24T06:47:59.533Z] - Bidi Screenshot (frame: 231)
[2025-12-24T06:47:59.649Z] Add frame for command: /session/:sessionId/actions => [actions]
[2025-12-24T06:47:59.656Z] - Bidi Screenshot (frame: 232)
[2025-12-24T06:47:59.672Z] - Bidi Screenshot (frame: 233)
[2025-12-24T06:47:59.812Z] - Bidi Screenshot (frame: 234)
[2025-12-24T06:47:59.819Z] - Bidi Screenshot (frame: 235)
[2025-12-24T06:47:59.826Z] Add frame for command: /session/:sessionId/element/f.BFF3A2F9B81D76A1764B2C969379E4D9.d.8360ACB3A79334CA881C9DDCCCF4556D.e.657/clear => [clear]
[2025-12-24T06:47:59.872Z] Add frame for command: /session/:sessionId/element/f.BFF3A2F9B81D76A1764B2C969379E4D9.d.8360ACB3A79334CA881C9DDCCCF4556D.e.657/clear => [clear]
[2025-12-24T06:47:59.941Z] - Bidi Screenshot (frame: 236)
[2025-12-24T06:47:59.971Z] Add frame for command: /session/:sessionId/element/f.BFF3A2F9B81D76A1764B2C969379E4D9.d.8360ACB3A79334CA881C9DDCCCF4556D.e.657/value => [value]
[2025-12-24T06:48:00.138Z] - Bidi Screenshot (frame: 237)
[2025-12-24T06:48:00.145Z] - Bidi Screenshot (frame: 238)
[2025-12-24T06:48:00.188Z] Add frame for command: /session/:sessionId/element/f.BFF3A2F9B81D76A1764B2C969379E4D9.d.8360ACB3A79334CA881C9DDCCCF4556D.e.658/click => [click]
[2025-12-24T06:48:00.225Z] Add frame for command: /session/:sessionId/actions => [actions]
[2025-12-24T06:48:00.257Z] Add frame for command: /session/:sessionId/actions => [actions]
[2025-12-24T06:48:00.290Z] Add frame for command: /session/:sessionId/actions => [actions]
[2025-12-24T06:48:00.394Z] - Bidi Screenshot (frame: 239)
[2025-12-24T06:48:00.430Z] Add frame for command: /session/:sessionId/actions => [actions]
[2025-12-24T06:48:00.449Z] - Bidi Screenshot (frame: 240)
[2025-12-24T06:48:00.504Z] Add frame for command: /session/:sessionId/actions => [actions]
[2025-12-24T06:48:00.525Z] - Bidi Screenshot (frame: 241)
[2025-12-24T06:48:00.579Z] Add frame for command: /session/:sessionId/actions => [actions]
[2025-12-24T06:48:00.598Z] - Bidi Screenshot (frame: 242)
[2025-12-24T06:48:00.657Z] Add frame for command: /session/:sessionId/actions => [actions]
[2025-12-24T06:48:00.677Z] - Bidi Screenshot (frame: 243)
[2025-12-24T06:48:00.789Z] Add frame for command: /session/:sessionId/actions => [actions]
[2025-12-24T06:48:00.801Z] - Bidi Screenshot (frame: 244)
[2025-12-24T06:48:00.815Z] - Bidi Screenshot (frame: 245)
[2025-12-24T06:48:00.826Z] Add frame for command: /session/:sessionId/actions => [actions]
[2025-12-24T06:48:00.891Z] Add frame for command: /session/:sessionId/actions => [actions]
[2025-12-24T06:48:00.917Z] - Bidi Screenshot (frame: 246)
[2025-12-24T06:48:01.038Z] - Bidi Screenshot (frame: 247)
[2025-12-24T06:48:01.088Z] - Bidi Screenshot (frame: 248)
[2025-12-24T06:48:01.095Z] - Bidi Screenshot (frame: 249)
[2025-12-24T06:48:01.109Z] Add frame for command: /session/:sessionId/element/f.BFF3A2F9B81D76A1764B2C969379E4D9.d.8360ACB3A79334CA881C9DDCCCF4556D.e.658/clear => [clear]
[2025-12-24T06:48:01.158Z] Add frame for command: /session/:sessionId/element/f.BFF3A2F9B81D76A1764B2C969379E4D9.d.8360ACB3A79334CA881C9DDCCCF4556D.e.658/clear => [clear]
[2025-12-24T06:48:01.224Z] - Bidi Screenshot (frame: 250)
[2025-12-24T06:48:01.253Z] Add frame for command: /session/:sessionId/element/f.BFF3A2F9B81D76A1764B2C969379E4D9.d.8360ACB3A79334CA881C9DDCCCF4556D.e.658/value => [value]
[2025-12-24T06:48:01.424Z] - Bidi Screenshot (frame: 251)
[2025-12-24T06:48:01.431Z] - Bidi Screenshot (frame: 252)
[2025-12-24T06:48:01.468Z] Add frame for command: /session/:sessionId/element/f.BFF3A2F9B81D76A1764B2C969379E4D9.d.8360ACB3A79334CA881C9DDCCCF4556D.e.659/click => [click]
[2025-12-24T06:48:01.507Z] Add frame for command: /session/:sessionId/actions => [actions]
[2025-12-24T06:48:01.542Z] Add frame for command: /session/:sessionId/actions => [actions]
[2025-12-24T06:48:01.632Z] Add frame for command: /session/:sessionId/actions => [actions]
[2025-12-24T06:48:01.654Z] - Bidi Screenshot (frame: 253)
[2025-12-24T06:48:01.721Z] Add frame for command: /session/:sessionId/actions => [actions]
[2025-12-24T06:48:01.741Z] - Bidi Screenshot (frame: 254)
[2025-12-24T06:48:01.798Z] Add frame for command: /session/:sessionId/actions => [actions]
[2025-12-24T06:48:01.817Z] - Bidi Screenshot (frame: 255)
[2025-12-24T06:48:01.874Z] Add frame for command: /session/:sessionId/actions => [actions]
[2025-12-24T06:48:01.896Z] - Bidi Screenshot (frame: 256)
[2025-12-24T06:48:02.010Z] Add frame for command: /session/:sessionId/actions => [actions]
[2025-12-24T06:48:02.021Z] - Bidi Screenshot (frame: 257)
[2025-12-24T06:48:02.032Z] - Bidi Screenshot (frame: 258)
[2025-12-24T06:48:02.042Z] Add frame for command: /session/:sessionId/actions => [actions]
[2025-12-24T06:48:02.108Z] Add frame for command: /session/:sessionId/actions => [actions]
[2025-12-24T06:48:02.130Z] - Bidi Screenshot (frame: 259)
[2025-12-24T06:48:02.247Z] Add frame for command: /session/:sessionId/actions => [actions]
[2025-12-24T06:48:02.253Z] - Bidi Screenshot (frame: 260)
[2025-12-24T06:48:02.276Z] - Bidi Screenshot (frame: 261)
[2025-12-24T06:48:02.429Z] - Bidi Screenshot (frame: 262)
[2025-12-24T06:48:02.438Z] - Bidi Screenshot (frame: 263)
[2025-12-24T06:48:02.455Z] Add frame for command: /session/:sessionId/element/f.BFF3A2F9B81D76A1764B2C969379E4D9.d.8360ACB3A79334CA881C9DDCCCF4556D.e.659/clear => [clear]
[2025-12-24T06:48:02.493Z] Add frame for command: /session/:sessionId/element/f.BFF3A2F9B81D76A1764B2C969379E4D9.d.8360ACB3A79334CA881C9DDCCCF4556D.e.659/clear => [clear]
[2025-12-24T06:48:02.569Z] - Bidi Screenshot (frame: 264)
[2025-12-24T06:48:02.590Z] Add frame for command: /session/:sessionId/element/f.BFF3A2F9B81D76A1764B2C969379E4D9.d.8360ACB3A79334CA881C9DDCCCF4556D.e.659/value => [value]
[2025-12-24T06:48:02.757Z] - Bidi Screenshot (frame: 265)
[2025-12-24T06:48:02.780Z] - Bidi Screenshot (frame: 266)
[2025-12-24T06:48:02.790Z] Add frame for command: /session/:sessionId/actions => [actions]
[2025-12-24T06:48:02.912Z] - Bidi Screenshot (frame: 267)
[2025-12-24T06:48:03.009Z] Add frame for command: /session/:sessionId/element/f.BFF3A2F9B81D76A1764B2C969379E4D9.d.8360ACB3A79334CA881C9DDCCCF4556D.e.757/click => [click]
[2025-12-24T06:48:03.200Z] - Bidi Screenshot (frame: 268)
[2025-12-24T06:48:03.615Z] Add frame for command: /session/:sessionId/actions => [actions]
[2025-12-24T06:48:03.741Z] - Bidi Screenshot (frame: 269)
[2025-12-24T06:48:03.755Z] Add frame for command: /session/:sessionId/element/f.BFF3A2F9B81D76A1764B2C969379E4D9.d.8360ACB3A79334CA881C9DDCCCF4556D.e.837/click => [click]
[2025-12-24T06:48:03.910Z] - Bidi Screenshot (frame: 270)
[2025-12-24T06:48:03.912Z] Add frame for command: /session/:sessionId/actions => [actions]
[2025-12-24T06:48:04.062Z] - Bidi Screenshot (frame: 271)
[2025-12-24T06:48:04.121Z] Add frame for command: /session/:sessionId/element/f.BFF3A2F9B81D76A1764B2C969379E4D9.d.8360ACB3A79334CA881C9DDCCCF4556D.e.840/click => [click]
[2025-12-24T06:48:04.245Z] - Bidi Screenshot (frame: 272)
[2025-12-24T06:48:08.093Z] Add frame for command: /session/:sessionId/url => [url]
[2025-12-24T06:48:08.253Z] - Bidi Screenshot (frame: 273)
[2025-12-24T06:48:08.854Z] Add frame for command: /session/:sessionId/actions => [actions]
[2025-12-24T06:48:08.971Z] Add frame for command: /session/:sessionId/element/f.BFF3A2F9B81D76A1764B2C969379E4D9.d.13CFFBCC1E7215AF3EB172F002B9AA83.e.903/click => [click]
[2025-12-24T06:48:10.706Z] - Bidi Screenshot (frame: 274)
[2025-12-24T06:48:10.721Z] - Bidi Screenshot (frame: 275)
[2025-12-24T06:48:10.785Z] Add frame for command: /session/:sessionId/element/f.BFF3A2F9B81D76A1764B2C969379E4D9.d.13CFFBCC1E7215AF3EB172F002B9AA83.e.905/click => [click]
[2025-12-24T06:48:10.794Z] Add frame for command: /session/:sessionId/url => [url]
[2025-12-24T06:48:11.059Z] - Bidi Screenshot (frame: 276)
[2025-12-24T06:48:11.081Z] - Bidi Screenshot (frame: 277)
[2025-12-24T06:48:11.220Z] Add frame for command: /session/:sessionId/url => [url]
[2025-12-24T06:48:11.251Z] Bidi Screenshot not available (frame: 278). Error: Error: WebDriver Bidi command "browsingContext.captureScreenshot" failed with error: unknown error - Cannot find context with specified id..
[2025-12-24T06:48:11.420Z] Add frame for command: /session/:sessionId/element/f.BFF3A2F9B81D76A1764B2C969379E4D9.d.B00C10BBE0B96BE32772BFF2C0F94BAD.e.922/clear => [clear]
[2025-12-24T06:48:11.537Z] Add frame for command: /session/:sessionId/element/f.BFF3A2F9B81D76A1764B2C969379E4D9.d.B00C10BBE0B96BE32772BFF2C0F94BAD.e.922/value => [value]
[2025-12-24T06:48:11.624Z] Add frame for command: /session/:sessionId/element/f.BFF3A2F9B81D76A1764B2C969379E4D9.d.B00C10BBE0B96BE32772BFF2C0F94BAD.e.923/clear => [clear]
[2025-12-24T06:48:11.732Z] - Bidi Screenshot (frame: 279)
[2025-12-24T06:48:11.739Z] - Bidi Screenshot (frame: 280)
[2025-12-24T06:48:11.815Z] Add frame for command: /session/:sessionId/element/f.BFF3A2F9B81D76A1764B2C969379E4D9.d.B00C10BBE0B96BE32772BFF2C0F94BAD.e.923/value => [value]
[2025-12-24T06:48:11.986Z] - Bidi Screenshot (frame: 281)
[2025-12-24T06:48:11.987Z] Add frame for command: /session/:sessionId/actions => [actions]
[2025-12-24T06:48:11.992Z] - Bidi Screenshot (frame: 282)
[2025-12-24T06:48:11.995Z] Add frame for command: /session/:sessionId/actions => [actions]
[2025-12-24T06:48:12.152Z] - Bidi Screenshot (frame: 283)
[2025-12-24T06:48:12.155Z] - Bidi Screenshot (frame: 284)
[2025-12-24T06:48:12.199Z] Add frame for command: /session/:sessionId/element/f.BFF3A2F9B81D76A1764B2C969379E4D9.d.B00C10BBE0B96BE32772BFF2C0F94BAD.e.929/click => [click]
[2025-12-24T06:48:12.208Z] Add frame for command: /session/:sessionId/url => [url]
[2025-12-24T06:48:12.440Z] - Bidi Screenshot (frame: 285)
[2025-12-24T06:48:12.451Z] - Bidi Screenshot (frame: 286)
[2025-12-24T06:48:12.631Z] Add frame for command: /session/:sessionId/url => [url]
[2025-12-24T06:48:12.906Z] Add frame for command: /session/:sessionId/actions => [actions]
[2025-12-24T06:48:12.925Z] Add frame for command: /session/:sessionId/actions => [actions]
[2025-12-24T06:48:12.938Z] - Bidi Screenshot (frame: 287)
[2025-12-24T06:48:13.159Z] - Bidi Screenshot (frame: 288)
[2025-12-24T06:48:13.169Z] - Bidi Screenshot (frame: 289)
[2025-12-24T06:48:13.218Z] Add frame for command: /session/:sessionId/element/f.BFF3A2F9B81D76A1764B2C969379E4D9.d.B00C10BBE0B96BE32772BFF2C0F94BAD.e.958/click => [click]
[2025-12-24T06:48:13.395Z] - Bidi Screenshot (frame: 290)
[2025-12-24T06:48:14.257Z] Add frame for command: /session/:sessionId/actions => [actions]
[2025-12-24T06:48:14.394Z] - Bidi Screenshot (frame: 291)
[2025-12-24T06:48:14.481Z] Add frame for command: /session/:sessionId/element/f.BFF3A2F9B81D76A1764B2C969379E4D9.d.B00C10BBE0B96BE32772BFF2C0F94BAD.e.981/click => [click]
[2025-12-24T06:48:14.493Z] Add frame for command: /session/:sessionId/url => [url]
[2025-12-24T06:48:14.728Z] - Bidi Screenshot (frame: 292)
[2025-12-24T06:48:14.820Z] - Bidi Screenshot (frame: 293)
[2025-12-24T06:48:15.063Z] Add frame for command: /session/:sessionId/element/f.BFF3A2F9B81D76A1764B2C969379E4D9.d.B00C10BBE0B96BE32772BFF2C0F94BAD.e.1040/click => [click]
[2025-12-24T06:48:15.273Z] - Bidi Screenshot (frame: 294)
[2025-12-24T06:48:15.345Z] Add frame for command: /session/:sessionId/element/f.BFF3A2F9B81D76A1764B2C969379E4D9.d.B00C10BBE0B96BE32772BFF2C0F94BAD.e.1043/click => [click]
[2025-12-24T06:48:15.485Z] - Bidi Screenshot (frame: 295)
[2025-12-24T06:48:15.488Z] Add frame for command: /session/:sessionId/element/f.BFF3A2F9B81D76A1764B2C969379E4D9.d.B00C10BBE0B96BE32772BFF2C0F94BAD.e.1043/clear => [clear]
[2025-12-24T06:48:15.587Z] Add frame for command: /session/:sessionId/element/f.BFF3A2F9B81D76A1764B2C969379E4D9.d.B00C10BBE0B96BE32772BFF2C0F94BAD.e.1043/value => [value]
[2025-12-24T06:48:15.624Z] Add frame for command: /session/:sessionId/actions => [actions]
[2025-12-24T06:48:15.736Z] - Bidi Screenshot (frame: 296)
[2025-12-24T06:48:15.885Z] - Bidi Screenshot (frame: 297)
[2025-12-24T06:48:15.899Z] - Bidi Screenshot (frame: 298)
[2025-12-24T06:48:16.333Z] Add frame for command: /session/:sessionId/element/f.BFF3A2F9B81D76A1764B2C969379E4D9.d.B00C10BBE0B96BE32772BFF2C0F94BAD.e.1081/click => [click]
[2025-12-24T06:48:16.513Z] - Bidi Screenshot (frame: 299)
[2025-12-24T06:48:16.566Z] Add frame for command: /session/:sessionId/element/f.BFF3A2F9B81D76A1764B2C969379E4D9.d.B00C10BBE0B96BE32772BFF2C0F94BAD.e.1082/click => [click]
[2025-12-24T06:48:16.585Z] Add frame for command: /session/:sessionId/url => [url]
[2025-12-24T06:48:16.975Z] Add frame for command: /session/:sessionId/url => [url]
[2025-12-24T06:48:17.108Z] - Bidi Screenshot (frame: 300)
[2025-12-24T06:48:17.112Z] Bidi Screenshot not available (frame: 302). Error: Error: WebDriver Bidi command "browsingContext.captureScreenshot" failed with error: unknown error - Cannot find context with specified id..
[2025-12-24T06:48:17.114Z] - Bidi Screenshot (frame: 301)
[2025-12-24T06:48:17.172Z] Add frame for command: /session/:sessionId/element/f.BFF3A2F9B81D76A1764B2C969379E4D9.d.FCB86FBD74A9E53259FE03632530E2FD.e.1087/clear => [clear]
[2025-12-24T06:48:17.247Z] Add frame for command: /session/:sessionId/element/f.BFF3A2F9B81D76A1764B2C969379E4D9.d.FCB86FBD74A9E53259FE03632530E2FD.e.1087/value => [value]
[2025-12-24T06:48:17.303Z] Add frame for command: /session/:sessionId/element/f.BFF3A2F9B81D76A1764B2C969379E4D9.d.FCB86FBD74A9E53259FE03632530E2FD.e.1088/clear => [clear]
[2025-12-24T06:48:17.421Z] - Bidi Screenshot (frame: 303)
[2025-12-24T06:48:17.425Z] - Bidi Screenshot (frame: 304)
[2025-12-24T06:48:17.494Z] Add frame for command: /session/:sessionId/element/f.BFF3A2F9B81D76A1764B2C969379E4D9.d.FCB86FBD74A9E53259FE03632530E2FD.e.1088/value => [value]
[2025-12-24T06:48:17.559Z] Add frame for command: /session/:sessionId/actions => [actions]
[2025-12-24T06:48:17.679Z] - Bidi Screenshot (frame: 305)
[2025-12-24T06:48:17.681Z] Add frame for command: /session/:sessionId/actions => [actions]
[2025-12-24T06:48:17.686Z] - Bidi Screenshot (frame: 306)
[2025-12-24T06:48:17.839Z] - Bidi Screenshot (frame: 307)
[2025-12-24T06:48:17.842Z] - Bidi Screenshot (frame: 308)
[2025-12-24T06:48:17.872Z] Add frame for command: /session/:sessionId/element/f.BFF3A2F9B81D76A1764B2C969379E4D9.d.FCB86FBD74A9E53259FE03632530E2FD.e.1094/click => [click]
[2025-12-24T06:48:17.901Z] Add frame for command: /session/:sessionId/url => [url]
[2025-12-24T06:48:18.125Z] - Bidi Screenshot (frame: 309)
[2025-12-24T06:48:18.146Z] - Bidi Screenshot (frame: 310)
[2025-12-24T06:48:18.246Z] Add frame for command: /session/:sessionId/url => [url]
[2025-12-24T06:48:18.463Z] Add frame for command: /session/:sessionId/actions => [actions]
[2025-12-24T06:48:18.467Z] Add frame for command: /session/:sessionId/actions => [actions]
[2025-12-24T06:48:18.494Z] - Bidi Screenshot (frame: 311)
[2025-12-24T06:48:18.699Z] - Bidi Screenshot (frame: 312)
[2025-12-24T06:48:18.708Z] - Bidi Screenshot (frame: 313)
[2025-12-24T06:48:18.767Z] Add frame for command: /session/:sessionId/element/f.BFF3A2F9B81D76A1764B2C969379E4D9.d.FCB86FBD74A9E53259FE03632530E2FD.e.1124/click => [click]
[2025-12-24T06:48:18.952Z] - Bidi Screenshot (frame: 314)
[2025-12-24T06:48:19.811Z] Add frame for command: /session/:sessionId/actions => [actions]
[2025-12-24T06:48:19.953Z] - Bidi Screenshot (frame: 315)
[2025-12-24T06:48:20.015Z] Add frame for command: /session/:sessionId/element/f.BFF3A2F9B81D76A1764B2C969379E4D9.d.FCB86FBD74A9E53259FE03632530E2FD.e.1150/click => [click]
[2025-12-24T06:48:20.024Z] Add frame for command: /session/:sessionId/url => [url]
[2025-12-24T06:48:20.296Z] - Bidi Screenshot (frame: 316)
[2025-12-24T06:48:20.305Z] - Bidi Screenshot (frame: 317)
[2025-12-24T06:48:20.722Z] Add frame for command: /session/:sessionId/element/f.BFF3A2F9B81D76A1764B2C969379E4D9.d.FCB86FBD74A9E53259FE03632530E2FD.e.1157/click => [click]
[2025-12-24T06:48:20.941Z] - Bidi Screenshot (frame: 318)
[2025-12-24T06:48:21.006Z] Add frame for command: /session/:sessionId/element/f.BFF3A2F9B81D76A1764B2C969379E4D9.d.FCB86FBD74A9E53259FE03632530E2FD.e.1153/click => [click]
[2025-12-24T06:48:21.050Z] Add frame for command: /session/:sessionId/element/f.BFF3A2F9B81D76A1764B2C969379E4D9.d.FCB86FBD74A9E53259FE03632530E2FD.e.1153/clear => [clear]
[2025-12-24T06:48:21.160Z] - Bidi Screenshot (frame: 319)
[2025-12-24T06:48:21.222Z] Add frame for command: /session/:sessionId/element/f.BFF3A2F9B81D76A1764B2C969379E4D9.d.FCB86FBD74A9E53259FE03632530E2FD.e.1153/value => [value]
[2025-12-24T06:48:21.278Z] Add frame for command: /session/:sessionId/actions => [actions]
[2025-12-24T06:48:21.434Z] - Bidi Screenshot (frame: 320)
[2025-12-24T06:48:21.645Z] - Bidi Screenshot (frame: 321)
[2025-12-24T06:48:21.657Z] - Bidi Screenshot (frame: 322)
[2025-12-24T06:48:26.488Z] Add frame for command: /session/:sessionId/element/f.BFF3A2F9B81D76A1764B2C969379E4D9.d.FCB86FBD74A9E53259FE03632530E2FD.e.1181/clear => [clear]
[2025-12-24T06:48:26.545Z] Add frame for command: /session/:sessionId/element/f.BFF3A2F9B81D76A1764B2C969379E4D9.d.FCB86FBD74A9E53259FE03632530E2FD.e.1181/value => [value]
[2025-12-24T06:48:26.778Z] - Bidi Screenshot (frame: 323)
[2025-12-24T06:48:26.785Z] - Bidi Screenshot (frame: 324)
[2025-12-24T06:48:27.609Z] Add frame for command: /session/:sessionId/actions => [actions]
[2025-12-24T06:48:27.837Z] - Bidi Screenshot (frame: 325)
[2025-12-24T06:48:27.948Z] Add frame for command: /session/:sessionId/element/f.BFF3A2F9B81D76A1764B2C969379E4D9.d.FCB86FBD74A9E53259FE03632530E2FD.e.1187/click => [click]
[2025-12-24T06:48:28.224Z] - Bidi Screenshot (frame: 326)
[2025-12-24T06:48:28.517Z] Add frame for command: /session/:sessionId/element/f.BFF3A2F9B81D76A1764B2C969379E4D9.d.FCB86FBD74A9E53259FE03632530E2FD.e.1232/click => [click]
[2025-12-24T06:48:28.695Z] - Bidi Screenshot (frame: 327)
[2025-12-24T06:48:28.807Z] Add frame for command: /session/:sessionId/element/f.BFF3A2F9B81D76A1764B2C969379E4D9.d.FCB86FBD74A9E53259FE03632530E2FD.e.1228/click => [click]
[2025-12-24T06:48:28.930Z] - Bidi Screenshot (frame: 328)
[2025-12-24T06:48:31.843Z] Add frame for command: /session/:sessionId/element/f.BFF3A2F9B81D76A1764B2C969379E4D9.d.FCB86FBD74A9E53259FE03632530E2FD.e.1228/clear => [clear]
[2025-12-24T06:48:31.936Z] Add frame for command: /session/:sessionId/element/f.BFF3A2F9B81D76A1764B2C969379E4D9.d.FCB86FBD74A9E53259FE03632530E2FD.e.1228/value => [value]
[2025-12-24T06:48:31.980Z] Add frame for command: /session/:sessionId/actions => [actions]
[2025-12-24T06:48:32.075Z] - Bidi Screenshot (frame: 329)
[2025-12-24T06:48:32.229Z] - Bidi Screenshot (frame: 330)
[2025-12-24T06:48:32.246Z] - Bidi Screenshot (frame: 331)
[2025-12-24T06:48:37.197Z] Add frame for command: /session/:sessionId/element/f.BFF3A2F9B81D76A1764B2C969379E4D9.d.FCB86FBD74A9E53259FE03632530E2FD.e.1275/click => [click]
[2025-12-24T06:48:37.451Z] - Bidi Screenshot (frame: 332)
[2025-12-24T06:48:37.566Z] Add frame for command: /session/:sessionId/element/f.BFF3A2F9B81D76A1764B2C969379E4D9.d.FCB86FBD74A9E53259FE03632530E2FD.e.1277/click => [click]
[2025-12-24T06:48:37.750Z] - Bidi Screenshot (frame: 333)
[2025-12-24T06:48:38.092Z] Add frame for command: /session/:sessionId/element/f.BFF3A2F9B81D76A1764B2C969379E4D9.d.FCB86FBD74A9E53259FE03632530E2FD.e.1260/click => [click]
[2025-12-24T06:48:38.244Z] - Bidi Screenshot (frame: 334)
[2025-12-24T06:48:38.254Z] Add frame for command: /session/:sessionId/element/f.BFF3A2F9B81D76A1764B2C969379E4D9.d.FCB86FBD74A9E53259FE03632530E2FD.e.1260/clear => [clear]
[2025-12-24T06:48:38.323Z] Add frame for command: /session/:sessionId/element/f.BFF3A2F9B81D76A1764B2C969379E4D9.d.FCB86FBD74A9E53259FE03632530E2FD.e.1260/value => [value]
[2025-12-24T06:48:38.514Z] - Bidi Screenshot (frame: 335)
[2025-12-24T06:48:38.521Z] - Bidi Screenshot (frame: 336)
[2025-12-24T06:48:39.359Z] Add frame for command: /session/:sessionId/actions => [actions]
[2025-12-24T06:48:39.530Z] - Bidi Screenshot (frame: 337)
[2025-12-24T06:48:39.785Z] Add frame for command: /session/:sessionId/element/f.BFF3A2F9B81D76A1764B2C969379E4D9.d.FCB86FBD74A9E53259FE03632530E2FD.e.1295/click => [click]
[2025-12-24T06:48:39.927Z] Add frame for command: /session/:sessionId/element/f.BFF3A2F9B81D76A1764B2C969379E4D9.d.FCB86FBD74A9E53259FE03632530E2FD.e.1295/clear => [clear]
[2025-12-24T06:48:39.938Z] - Bidi Screenshot (frame: 338)
[2025-12-24T06:48:39.983Z] Add frame for command: /session/:sessionId/element/f.BFF3A2F9B81D76A1764B2C969379E4D9.d.FCB86FBD74A9E53259FE03632530E2FD.e.1295/value => [value]
[2025-12-24T06:48:40.016Z] Add frame for command: /session/:sessionId/actions => [actions]
[2025-12-24T06:48:40.141Z] - Bidi Screenshot (frame: 339)
[2025-12-24T06:48:40.329Z] - Bidi Screenshot (frame: 340)
[2025-12-24T06:48:40.342Z] - Bidi Screenshot (frame: 341)
[2025-12-24T06:48:41.163Z] Add frame for command: /session/:sessionId/element/f.BFF3A2F9B81D76A1764B2C969379E4D9.d.FCB86FBD74A9E53259FE03632530E2FD.e.1308/click => [click]
[2025-12-24T06:48:41.343Z] - Bidi Screenshot (frame: 342)
[2025-12-24T06:48:41.718Z] Add frame for command: /session/:sessionId/element/f.BFF3A2F9B81D76A1764B2C969379E4D9.d.FCB86FBD74A9E53259FE03632530E2FD.e.1338/click => [click]
[2025-12-24T06:48:42.006Z] - Bidi Screenshot (frame: 343)
[2025-12-24T06:48:42.598Z] Add frame for command: /session/:sessionId/url => [url]
[2025-12-24T06:48:42.607Z] Add frame for command: /session/:sessionId/url => [url]
[2025-12-24T06:48:42.671Z] Bidi Screenshot not available (frame: 344). Error: Error: WebDriver Bidi command "browsingContext.captureScreenshot" failed with error: no such frame - Browsing context is gone..
[2025-12-24T06:48:42.676Z] Bidi Screenshot not available (frame: 345). Error: Error: WebDriver Bidi command "browsingContext.captureScreenshot" failed with error: no such frame - Context FB6E777CC0E1FBB095C4FA461EFA5EAD not found..
[2025-12-24T06:48:42.823Z] Add frame for command: /session/:sessionId/element/f.BFF3A2F9B81D76A1764B2C969379E4D9.d.FCB86FBD74A9E53259FE03632530E2FD.e.1338/click => [click]
[2025-12-24T06:48:43.086Z] - Bidi Screenshot (frame: 346)
[2025-12-24T06:48:43.695Z] Add frame for command: /session/:sessionId/url => [url]
[2025-12-24T06:48:43.701Z] Add frame for command: /session/:sessionId/url => [url]
[2025-12-24T06:48:43.768Z] Bidi Screenshot not available (frame: 347). Error: Error: WebDriver Bidi command "browsingContext.captureScreenshot" failed with error: no such frame - Browsing context is gone..
[2025-12-24T06:48:43.774Z] Bidi Screenshot not available (frame: 348). Error: Error: WebDriver Bidi command "browsingContext.captureScreenshot" failed with error: no such frame - Context 6E4681758339DCBA824660189B399FEE not found..
[2025-12-24T06:48:43.861Z] Add frame for command: /session/:sessionId/element/f.BFF3A2F9B81D76A1764B2C969379E4D9.d.FCB86FBD74A9E53259FE03632530E2FD.e.1340/click => [click]
[2025-12-24T06:48:44.015Z] - Bidi Screenshot (frame: 349)
[2025-12-24T06:48:44.044Z] Add frame for command: /session/:sessionId/element/f.BFF3A2F9B81D76A1764B2C969379E4D9.d.FCB86FBD74A9E53259FE03632530E2FD.e.1341/click => [click]
[2025-12-24T06:48:44.051Z] Add frame for command: /session/:sessionId/url => [url]
[2025-12-24T06:48:44.279Z] - Bidi Screenshot (frame: 350)
[2025-12-24T06:48:44.296Z] - Bidi Screenshot (frame: 351)
[2025-12-24T06:48:44.404Z] Add frame for command: /session/:sessionId/url => [url]
[2025-12-24T06:48:44.440Z] Bidi Screenshot not available (frame: 352). Error: Error: WebDriver Bidi command "browsingContext.captureScreenshot" failed with error: unknown error - Cannot find context with specified id..
[2025-12-24T06:48:44.605Z] Add frame for command: /session/:sessionId/element/f.BFF3A2F9B81D76A1764B2C969379E4D9.d.1B6893BF40029B1E376B1D97D715CDC2.e.1345/clear => [clear]
[2025-12-24T06:48:44.695Z] Add frame for command: /session/:sessionId/element/f.BFF3A2F9B81D76A1764B2C969379E4D9.d.1B6893BF40029B1E376B1D97D715CDC2.e.1345/value => [value]
[2025-12-24T06:48:44.771Z] Add frame for command: /session/:sessionId/element/f.BFF3A2F9B81D76A1764B2C969379E4D9.d.1B6893BF40029B1E376B1D97D715CDC2.e.1346/clear => [clear]
[2025-12-24T06:48:44.880Z] - Bidi Screenshot (frame: 353)
[2025-12-24T06:48:44.884Z] - Bidi Screenshot (frame: 354)
[2025-12-24T06:48:44.962Z] Add frame for command: /session/:sessionId/element/f.BFF3A2F9B81D76A1764B2C969379E4D9.d.1B6893BF40029B1E376B1D97D715CDC2.e.1346/value => [value]
[2025-12-24T06:48:45.146Z] - Bidi Screenshot (frame: 355)
[2025-12-24T06:48:45.148Z] Add frame for command: /session/:sessionId/actions => [actions]
[2025-12-24T06:48:45.153Z] - Bidi Screenshot (frame: 356)
[2025-12-24T06:48:45.157Z] Add frame for command: /session/:sessionId/actions => [actions]
[2025-12-24T06:48:45.321Z] - Bidi Screenshot (frame: 357)
[2025-12-24T06:48:45.325Z] - Bidi Screenshot (frame: 358)
[2025-12-24T06:48:45.375Z] Add frame for command: /session/:sessionId/element/f.BFF3A2F9B81D76A1764B2C969379E4D9.d.1B6893BF40029B1E376B1D97D715CDC2.e.1352/click => [click]
[2025-12-24T06:48:45.384Z] Add frame for command: /session/:sessionId/url => [url]
[2025-12-24T06:48:45.597Z] - Bidi Screenshot (frame: 359)
[2025-12-24T06:48:45.610Z] - Bidi Screenshot (frame: 360)
[2025-12-24T06:48:45.785Z] Add frame for command: /session/:sessionId/url => [url]
[2025-12-24T06:48:45.910Z] Add frame for command: /session/:sessionId/actions => [actions]
[2025-12-24T06:48:45.922Z] Add frame for command: /session/:sessionId/actions => [actions]
[2025-12-24T06:48:46.059Z] - Bidi Screenshot (frame: 361)
[2025-12-24T06:48:46.267Z] - Bidi Screenshot (frame: 362)
[2025-12-24T06:48:46.278Z] - Bidi Screenshot (frame: 363)
[2025-12-24T06:48:46.361Z] Add frame for command: /session/:sessionId/element/f.BFF3A2F9B81D76A1764B2C969379E4D9.d.1B6893BF40029B1E376B1D97D715CDC2.e.1372/click => [click]
[2025-12-24T06:48:46.570Z] - Bidi Screenshot (frame: 364)
[2025-12-24T06:48:47.405Z] Add frame for command: /session/:sessionId/actions => [actions]
[2025-12-24T06:48:47.538Z] - Bidi Screenshot (frame: 365)
[2025-12-24T06:48:47.595Z] Add frame for command: /session/:sessionId/element/f.BFF3A2F9B81D76A1764B2C969379E4D9.d.1B6893BF40029B1E376B1D97D715CDC2.e.1408/click => [click]
[2025-12-24T06:48:47.609Z] Add frame for command: /session/:sessionId/url => [url]
[2025-12-24T06:48:47.864Z] - Bidi Screenshot (frame: 366)
[2025-12-24T06:48:47.876Z] - Bidi Screenshot (frame: 367)
[2025-12-24T06:48:48.033Z] Add frame for command: /session/:sessionId/element/f.BFF3A2F9B81D76A1764B2C969379E4D9.d.1B6893BF40029B1E376B1D97D715CDC2.e.1411/click => [click]
[2025-12-24T06:48:48.216Z] - Bidi Screenshot (frame: 368)
[2025-12-24T06:48:48.891Z] Add frame for command: /session/:sessionId/element/f.BFF3A2F9B81D76A1764B2C969379E4D9.d.1B6893BF40029B1E376B1D97D715CDC2.e.1470/click => [click]
[2025-12-24T06:48:49.237Z] - Bidi Screenshot (frame: 369)
[2025-12-24T06:48:49.297Z] Add frame for command: /session/:sessionId/element/f.BFF3A2F9B81D76A1764B2C969379E4D9.d.1B6893BF40029B1E376B1D97D715CDC2.e.1496/click => [click]
[2025-12-24T06:48:49.483Z] - Bidi Screenshot (frame: 370)
[2025-12-24T06:48:49.588Z] Add frame for command: /session/:sessionId/element/f.BFF3A2F9B81D76A1764B2C969379E4D9.d.1B6893BF40029B1E376B1D97D715CDC2.e.1497/click => [click]
[2025-12-24T06:48:49.786Z] - Bidi Screenshot (frame: 371)
[2025-12-24T06:48:49.920Z] Add frame for command: /session/:sessionId/element/f.BFF3A2F9B81D76A1764B2C969379E4D9.d.1B6893BF40029B1E376B1D97D715CDC2.e.1477/click => [click]
[2025-12-24T06:48:50.084Z] - Bidi Screenshot (frame: 372)
[2025-12-24T06:48:50.091Z] Add frame for command: /session/:sessionId/element/f.BFF3A2F9B81D76A1764B2C969379E4D9.d.1B6893BF40029B1E376B1D97D715CDC2.e.1477/clear => [clear]
[2025-12-24T06:48:50.215Z] Add frame for command: /session/:sessionId/element/f.BFF3A2F9B81D76A1764B2C969379E4D9.d.1B6893BF40029B1E376B1D97D715CDC2.e.1477/value => [value]
[2025-12-24T06:48:50.405Z] - Bidi Screenshot (frame: 373)
[2025-12-24T06:48:50.411Z] - Bidi Screenshot (frame: 374)
[2025-12-24T06:48:50.475Z] Add frame for command: /session/:sessionId/element/f.BFF3A2F9B81D76A1764B2C969379E4D9.d.1B6893BF40029B1E376B1D97D715CDC2.e.1478/click => [click]
[2025-12-24T06:48:50.623Z] - Bidi Screenshot (frame: 375)
[2025-12-24T06:48:50.627Z] Add frame for command: /session/:sessionId/element/f.BFF3A2F9B81D76A1764B2C969379E4D9.d.1B6893BF40029B1E376B1D97D715CDC2.e.1478/clear => [clear]
[2025-12-24T06:48:50.693Z] Add frame for command: /session/:sessionId/element/f.BFF3A2F9B81D76A1764B2C969379E4D9.d.1B6893BF40029B1E376B1D97D715CDC2.e.1478/value => [value]
[2025-12-24T06:48:50.903Z] - Bidi Screenshot (frame: 376)
[2025-12-24T06:48:50.911Z] - Bidi Screenshot (frame: 377)
[2025-12-24T06:48:51.014Z] Add frame for command: /session/:sessionId/element/f.BFF3A2F9B81D76A1764B2C969379E4D9.d.1B6893BF40029B1E376B1D97D715CDC2.e.1479/click => [click]
[2025-12-24T06:48:51.166Z] - Bidi Screenshot (frame: 378)
[2025-12-24T06:48:51.172Z] Add frame for command: /session/:sessionId/element/f.BFF3A2F9B81D76A1764B2C969379E4D9.d.1B6893BF40029B1E376B1D97D715CDC2.e.1479/clear => [clear]
[2025-12-24T06:48:51.292Z] Add frame for command: /session/:sessionId/element/f.BFF3A2F9B81D76A1764B2C969379E4D9.d.1B6893BF40029B1E376B1D97D715CDC2.e.1479/value => [value]
[2025-12-24T06:48:51.466Z] - Bidi Screenshot (frame: 379)
[2025-12-24T06:48:51.473Z] - Bidi Screenshot (frame: 380)
[2025-12-24T06:48:51.894Z] Add frame for command: /session/:sessionId/element/f.BFF3A2F9B81D76A1764B2C969379E4D9.d.1B6893BF40029B1E376B1D97D715CDC2.e.1503/click => [click]
[2025-12-24T06:48:52.075Z] - Bidi Screenshot (frame: 381)
[2025-12-24T06:48:52.255Z] Add frame for command: /session/:sessionId/element/f.BFF3A2F9B81D76A1764B2C969379E4D9.d.1B6893BF40029B1E376B1D97D715CDC2.e.1504/click => [click]
[2025-12-24T06:48:52.445Z] - Bidi Screenshot (frame: 382)
[2025-12-24T06:48:52.569Z] Add frame for command: /session/:sessionId/element/f.BFF3A2F9B81D76A1764B2C969379E4D9.d.1B6893BF40029B1E376B1D97D715CDC2.e.1507/click => [click]
[2025-12-24T06:48:52.739Z] - Bidi Screenshot (frame: 383)
[2025-12-24T06:48:52.892Z] Add frame for command: /session/:sessionId/element/f.BFF3A2F9B81D76A1764B2C969379E4D9.d.1B6893BF40029B1E376B1D97D715CDC2.e.1481/click => [click]
[2025-12-24T06:48:52.972Z] Add frame for command: /session/:sessionId/element/f.BFF3A2F9B81D76A1764B2C969379E4D9.d.1B6893BF40029B1E376B1D97D715CDC2.e.1481/clear => [clear]
[2025-12-24T06:48:53.188Z] - Bidi Screenshot (frame: 384)
[2025-12-24T06:48:53.196Z] Add frame for command: /session/:sessionId/element/f.BFF3A2F9B81D76A1764B2C969379E4D9.d.1B6893BF40029B1E376B1D97D715CDC2.e.1481/value => [value]
[2025-12-24T06:48:53.380Z] Add frame for command: /session/:sessionId/element/f.BFF3A2F9B81D76A1764B2C969379E4D9.d.1B6893BF40029B1E376B1D97D715CDC2.e.1481/value => [value]
[2025-12-24T06:48:53.388Z] - Bidi Screenshot (frame: 385)
[2025-12-24T06:48:53.589Z] - Bidi Screenshot (frame: 386)
[2025-12-24T06:48:53.596Z] - Bidi Screenshot (frame: 387)
[2025-12-24T06:48:54.009Z] Add frame for command: /session/:sessionId/element/f.BFF3A2F9B81D76A1764B2C969379E4D9.d.1B6893BF40029B1E376B1D97D715CDC2.e.1515/click => [click]
[2025-12-24T06:48:54.293Z] - Bidi Screenshot (frame: 388)
[2025-12-24T06:48:54.437Z] Add frame for command: /session/:sessionId/element/f.BFF3A2F9B81D76A1764B2C969379E4D9.d.1B6893BF40029B1E376B1D97D715CDC2.e.1517/click => [click]
[2025-12-24T06:48:54.483Z] Add frame for command: /session/:sessionId/element/f.BFF3A2F9B81D76A1764B2C969379E4D9.d.1B6893BF40029B1E376B1D97D715CDC2.e.1517/clear => [clear]
[2025-12-24T06:48:54.566Z] - Bidi Screenshot (frame: 389)
[2025-12-24T06:48:54.597Z] Add frame for command: /session/:sessionId/element/f.BFF3A2F9B81D76A1764B2C969379E4D9.d.1B6893BF40029B1E376B1D97D715CDC2.e.1517/value => [value]
[2025-12-24T06:48:54.769Z] - Bidi Screenshot (frame: 390)
[2025-12-24T06:48:54.776Z] - Bidi Screenshot (frame: 391)
[2025-12-24T06:48:55.636Z] Add frame for command: /session/:sessionId/actions => [actions]
[2025-12-24T06:48:55.776Z] - Bidi Screenshot (frame: 392)
[2025-12-24T06:48:55.814Z] Add frame for command: /session/:sessionId/element/f.BFF3A2F9B81D76A1764B2C969379E4D9.d.1B6893BF40029B1E376B1D97D715CDC2.e.1520/click => [click]
[2025-12-24T06:48:55.859Z] Add frame for command: /session/:sessionId/element/f.BFF3A2F9B81D76A1764B2C969379E4D9.d.1B6893BF40029B1E376B1D97D715CDC2.e.1520/clear => [clear]
[2025-12-24T06:48:55.942Z] - Bidi Screenshot (frame: 393)
[2025-12-24T06:48:56.014Z] Add frame for command: /session/:sessionId/element/f.BFF3A2F9B81D76A1764B2C969379E4D9.d.1B6893BF40029B1E376B1D97D715CDC2.e.1520/value => [value]
[2025-12-24T06:48:56.181Z] - Bidi Screenshot (frame: 394)
[2025-12-24T06:48:56.187Z] - Bidi Screenshot (frame: 395)
[2025-12-24T06:48:57.069Z] Add frame for command: /session/:sessionId/actions => [actions]
[2025-12-24T06:48:57.207Z] - Bidi Screenshot (frame: 396)
[2025-12-24T06:48:57.249Z] Add frame for command: /session/:sessionId/element/f.BFF3A2F9B81D76A1764B2C969379E4D9.d.1B6893BF40029B1E376B1D97D715CDC2.e.1521/click => [click]
[2025-12-24T06:48:57.310Z] Add frame for command: /session/:sessionId/element/f.BFF3A2F9B81D76A1764B2C969379E4D9.d.1B6893BF40029B1E376B1D97D715CDC2.e.1521/clear => [clear]
[2025-12-24T06:48:57.392Z] - Bidi Screenshot (frame: 397)
[2025-12-24T06:48:57.484Z] Add frame for command: /session/:sessionId/element/f.BFF3A2F9B81D76A1764B2C969379E4D9.d.1B6893BF40029B1E376B1D97D715CDC2.e.1521/value => [value]
[2025-12-24T06:48:57.656Z] - Bidi Screenshot (frame: 398)
[2025-12-24T06:48:57.663Z] - Bidi Screenshot (frame: 399)
[2025-12-24T06:48:58.532Z] Add frame for command: /session/:sessionId/actions => [actions]
[2025-12-24T06:48:58.667Z] - Bidi Screenshot (frame: 400)
[2025-12-24T06:48:58.830Z] Add frame for command: /session/:sessionId/element/f.BFF3A2F9B81D76A1764B2C969379E4D9.d.1B6893BF40029B1E376B1D97D715CDC2.e.1528/click => [click]
[2025-12-24T06:48:58.992Z] - Bidi Screenshot (frame: 401)
[2025-12-24T06:48:59.068Z] Add frame for command: /session/:sessionId/element/f.BFF3A2F9B81D76A1764B2C969379E4D9.d.1B6893BF40029B1E376B1D97D715CDC2.e.1533/click => [click]
[2025-12-24T06:48:59.217Z] - Bidi Screenshot (frame: 402)
[2025-12-24T06:48:59.343Z] Add frame for command: /session/:sessionId/element/f.BFF3A2F9B81D76A1764B2C969379E4D9.d.1B6893BF40029B1E376B1D97D715CDC2.e.1523/click => [click]
[2025-12-24T06:48:59.373Z] Add frame for command: /session/:sessionId/element/f.BFF3A2F9B81D76A1764B2C969379E4D9.d.1B6893BF40029B1E376B1D97D715CDC2.e.1523/clear => [clear]
[2025-12-24T06:48:59.415Z] Add frame for command: /session/:sessionId/element/f.BFF3A2F9B81D76A1764B2C969379E4D9.d.1B6893BF40029B1E376B1D97D715CDC2.e.1523/value => [value]
[2025-12-24T06:48:59.531Z] - Bidi Screenshot (frame: 403)
[2025-12-24T06:48:59.637Z] - Bidi Screenshot (frame: 404)
[2025-12-24T06:48:59.646Z] Add frame for command: /session/:sessionId/element/f.BFF3A2F9B81D76A1764B2C969379E4D9.d.1B6893BF40029B1E376B1D97D715CDC2.e.1523/value => [value]
[2025-12-24T06:48:59.834Z] - Bidi Screenshot (frame: 405)
[2025-12-24T06:48:59.841Z] - Bidi Screenshot (frame: 406)
[2025-12-24T06:49:00.239Z] Add frame for command: /session/:sessionId/element/f.BFF3A2F9B81D76A1764B2C969379E4D9.d.1B6893BF40029B1E376B1D97D715CDC2.e.1541/click => [click]
[2025-12-24T06:49:00.516Z] - Bidi Screenshot (frame: 407)
[2025-12-24T06:49:00.570Z] Add frame for command: /session/:sessionId/element/f.BFF3A2F9B81D76A1764B2C969379E4D9.d.1B6893BF40029B1E376B1D97D715CDC2.e.1472/click => [click]
[2025-12-24T06:49:00.600Z] Add frame for command: /session/:sessionId/element/f.BFF3A2F9B81D76A1764B2C969379E4D9.d.1B6893BF40029B1E376B1D97D715CDC2.e.1472/clear => [clear]
[2025-12-24T06:49:00.688Z] - Bidi Screenshot (frame: 408)
[2025-12-24T06:49:00.737Z] Add frame for command: /session/:sessionId/element/f.BFF3A2F9B81D76A1764B2C969379E4D9.d.1B6893BF40029B1E376B1D97D715CDC2.e.1472/value => [value]
[2025-12-24T06:49:00.844Z] Add frame for command: /session/:sessionId/actions => [actions]
[2025-12-24T06:49:00.866Z] - Bidi Screenshot (frame: 409)
[2025-12-24T06:49:01.041Z] - Bidi Screenshot (frame: 410)
[2025-12-24T06:49:01.048Z] - Bidi Screenshot (frame: 411)
[2025-12-24T06:49:02.249Z] Add frame for command: /session/:sessionId/element/f.BFF3A2F9B81D76A1764B2C969379E4D9.d.1B6893BF40029B1E376B1D97D715CDC2.e.1584/click => [click]
[2025-12-24T06:49:02.473Z] - Bidi Screenshot (frame: 412)
[2025-12-24T06:49:03.355Z] Add frame for command: /session/:sessionId/url => [url]
[2025-12-24T06:49:03.381Z] Bidi Screenshot not available (frame: 413). Error: Error: WebDriver Bidi command "browsingContext.captureScreenshot" failed with error: no such frame - Context F40A5EFEC666968E7F2E787596485C06 not found..
[2025-12-24T06:49:03.665Z] Add frame for command: /session/:sessionId/element/f.BFF3A2F9B81D76A1764B2C969379E4D9.d.1B6893BF40029B1E376B1D97D715CDC2.e.1653/click => [click]
[2025-12-24T06:49:03.923Z] - Bidi Screenshot (frame: 414)
[2025-12-24T06:49:04.900Z] Add frame for command: /session/:sessionId/element/f.BFF3A2F9B81D76A1764B2C969379E4D9.d.1B6893BF40029B1E376B1D97D715CDC2.e.1654/click => [click]
[2025-12-24T06:49:05.138Z] - Bidi Screenshot (frame: 415)
[2025-12-24T06:49:05.268Z] Add frame for command: /session/:sessionId/element/f.BFF3A2F9B81D76A1764B2C969379E4D9.d.1B6893BF40029B1E376B1D97D715CDC2.e.1665/click => [click]
[2025-12-24T06:49:05.554Z] - Bidi Screenshot (frame: 416)
[2025-12-24T06:49:06.209Z] Add frame for command: /session/:sessionId/url => [url]
[2025-12-24T06:49:06.214Z] Add frame for command: /session/:sessionId/url => [url]
[2025-12-24T06:49:06.281Z] Bidi Screenshot not available (frame: 417). Error: Error: WebDriver Bidi command "browsingContext.captureScreenshot" failed with error: no such frame - Browsing context is gone..
[2025-12-24T06:49:06.286Z] Bidi Screenshot not available (frame: 418). Error: Error: WebDriver Bidi command "browsingContext.captureScreenshot" failed with error: no such frame - Context CC59F589B8AE91E9F6EFCA9783CAE014 not found..
[2025-12-24T06:49:06.532Z] Add frame for command: /session/:sessionId/element/f.BFF3A2F9B81D76A1764B2C969379E4D9.d.1B6893BF40029B1E376B1D97D715CDC2.e.1682/click => [click]
[2025-12-24T06:49:06.799Z] - Bidi Screenshot (frame: 419)
[2025-12-24T06:49:06.848Z] Add frame for command: /session/:sessionId/element/f.BFF3A2F9B81D76A1764B2C969379E4D9.d.1B6893BF40029B1E376B1D97D715CDC2.e.1683/click => [click]
[2025-12-24T06:49:07.008Z] - Bidi Screenshot (frame: 420)
[2025-12-24T06:49:07.191Z] Add frame for command: /session/:sessionId/element/f.BFF3A2F9B81D76A1764B2C969379E4D9.d.1B6893BF40029B1E376B1D97D715CDC2.e.1684/click => [click]
[2025-12-24T06:49:07.686Z] Add frame for command: /session/:sessionId/url => [url]
[2025-12-24T06:49:07.723Z] Bidi Screenshot not available (frame: 422). Error: Error: WebDriver Bidi command "browsingContext.captureScreenshot" failed with error: unknown error - Cannot find context with specified id..
[2025-12-24T06:49:07.874Z] - Bidi Screenshot (frame: 421)
[2025-12-24T06:49:07.905Z] Add frame for command: /session/:sessionId/element/f.BFF3A2F9B81D76A1764B2C969379E4D9.d.F475435B4B8E131DD7071A9C3735FD96.e.1690/clear => [clear]
[2025-12-24T06:49:07.979Z] Add frame for command: /session/:sessionId/element/f.BFF3A2F9B81D76A1764B2C969379E4D9.d.F475435B4B8E131DD7071A9C3735FD96.e.1690/value => [value]
[2025-12-24T06:49:08.069Z] Add frame for command: /session/:sessionId/element/f.BFF3A2F9B81D76A1764B2C969379E4D9.d.F475435B4B8E131DD7071A9C3735FD96.e.1691/clear => [clear]
[2025-12-24T06:49:08.172Z] - Bidi Screenshot (frame: 423)
[2025-12-24T06:49:08.174Z] - Bidi Screenshot (frame: 424)
[2025-12-24T06:49:08.238Z] Add frame for command: /session/:sessionId/element/f.BFF3A2F9B81D76A1764B2C969379E4D9.d.F475435B4B8E131DD7071A9C3735FD96.e.1691/value => [value]
[2025-12-24T06:49:08.283Z] Add frame for command: /session/:sessionId/actions => [actions]
[2025-12-24T06:49:08.290Z] Add frame for command: /session/:sessionId/actions => [actions]
[2025-12-24T06:49:08.404Z] - Bidi Screenshot (frame: 425)
[2025-12-24T06:49:08.408Z] - Bidi Screenshot (frame: 426)
[2025-12-24T06:49:08.516Z] - Bidi Screenshot (frame: 427)
[2025-12-24T06:49:08.519Z] - Bidi Screenshot (frame: 428)
[2025-12-24T06:49:08.555Z] Add frame for command: /session/:sessionId/element/f.BFF3A2F9B81D76A1764B2C969379E4D9.d.F475435B4B8E131DD7071A9C3735FD96.e.1697/click => [click]
[2025-12-24T06:49:08.564Z] Add frame for command: /session/:sessionId/url => [url]
[2025-12-24T06:49:08.767Z] - Bidi Screenshot (frame: 429)
[2025-12-24T06:49:08.773Z] - Bidi Screenshot (frame: 430)
[2025-12-24T06:49:08.877Z] Add frame for command: /session/:sessionId/url => [url]
[2025-12-24T06:49:09.148Z] Add frame for command: /session/:sessionId/actions => [actions]
[2025-12-24T06:49:09.155Z] - Bidi Screenshot (frame: 431)
[2025-12-24T06:49:09.160Z] Add frame for command: /session/:sessionId/actions => [actions]
[2025-12-24T06:49:09.429Z] - Bidi Screenshot (frame: 432)
[2025-12-24T06:49:09.442Z] - Bidi Screenshot (frame: 433)
[2025-12-24T06:49:09.508Z] Add frame for command: /session/:sessionId/element/f.BFF3A2F9B81D76A1764B2C969379E4D9.d.F475435B4B8E131DD7071A9C3735FD96.e.1724/click => [click]
[2025-12-24T06:49:09.722Z] - Bidi Screenshot (frame: 434)
[2025-12-24T06:49:10.547Z] Add frame for command: /session/:sessionId/actions => [actions]
[2025-12-24T06:49:10.674Z] - Bidi Screenshot (frame: 435)
[2025-12-24T06:49:10.770Z] Add frame for command: /session/:sessionId/element/f.BFF3A2F9B81D76A1764B2C969379E4D9.d.F475435B4B8E131DD7071A9C3735FD96.e.1751/click => [click]
[2025-12-24T06:49:10.819Z] Add frame for command: /session/:sessionId/url => [url]
[2025-12-24T06:49:11.112Z] - Bidi Screenshot (frame: 436)
[2025-12-24T06:49:11.124Z] - Bidi Screenshot (frame: 437)
[2025-12-24T06:49:11.630Z] Add frame for command: /session/:sessionId/element/f.BFF3A2F9B81D76A1764B2C969379E4D9.d.F475435B4B8E131DD7071A9C3735FD96.e.1760/click => [click]
[2025-12-24T06:49:11.681Z] Add frame for command: /session/:sessionId/element/f.BFF3A2F9B81D76A1764B2C969379E4D9.d.F475435B4B8E131DD7071A9C3735FD96.e.1760/clear => [clear]
[2025-12-24T06:49:11.778Z] - Bidi Screenshot (frame: 438)
[2025-12-24T06:49:11.819Z] Add frame for command: /session/:sessionId/element/f.BFF3A2F9B81D76A1764B2C969379E4D9.d.F475435B4B8E131DD7071A9C3735FD96.e.1760/value => [value]
[2025-12-24T06:49:11.875Z] Add frame for command: /session/:sessionId/actions => [actions]
[2025-12-24T06:49:11.989Z] - Bidi Screenshot (frame: 439)
[2025-12-24T06:49:12.155Z] - Bidi Screenshot (frame: 440)
[2025-12-24T06:49:12.166Z] - Bidi Screenshot (frame: 441)
[2025-12-24T06:49:15.105Z] Add frame for command: /session/:sessionId/element/f.BFF3A2F9B81D76A1764B2C969379E4D9.d.F475435B4B8E131DD7071A9C3735FD96.e.1839/click => [click]
[2025-12-24T06:49:15.309Z] - Bidi Screenshot (frame: 442)
[2025-12-24T06:49:15.443Z] Add frame for command: /session/:sessionId/element/f.BFF3A2F9B81D76A1764B2C969379E4D9.d.F475435B4B8E131DD7071A9C3735FD96.e.1852/click => [click]
[2025-12-24T06:49:15.674Z] - Bidi Screenshot (frame: 443)
[2025-12-24T06:49:15.750Z] Add frame for command: /session/:sessionId/element/f.BFF3A2F9B81D76A1764B2C969379E4D9.d.F475435B4B8E131DD7071A9C3735FD96.e.1875/click => [click]
[2025-12-24T06:49:15.785Z] Add frame for command: /session/:sessionId/element/f.BFF3A2F9B81D76A1764B2C969379E4D9.d.F475435B4B8E131DD7071A9C3735FD96.e.1875/clear => [clear]
[2025-12-24T06:49:15.873Z] - Bidi Screenshot (frame: 444)
[2025-12-24T06:49:15.955Z] Add frame for command: /session/:sessionId/element/f.BFF3A2F9B81D76A1764B2C969379E4D9.d.F475435B4B8E131DD7071A9C3735FD96.e.1875/value => [value]
[2025-12-24T06:49:16.006Z] Add frame for command: /session/:sessionId/actions => [actions]
[2025-12-24T06:49:16.112Z] - Bidi Screenshot (frame: 445)
[2025-12-24T06:49:16.357Z] - Bidi Screenshot (frame: 446)
[2025-12-24T06:49:16.364Z] - Bidi Screenshot (frame: 447)
[2025-12-24T06:49:16.627Z] Add frame for command: /session/:sessionId/actions => [actions]
[2025-12-24T06:49:16.637Z] Add frame for command: /session/:sessionId/actions => [actions]
[2025-12-24T06:49:16.690Z] Add frame for command: /session/:sessionId/element/f.BFF3A2F9B81D76A1764B2C969379E4D9.d.F475435B4B8E131DD7071A9C3735FD96.e.1877/clear => [clear]
[2025-12-24T06:49:16.824Z] - Bidi Screenshot (frame: 448)
[2025-12-24T06:49:16.830Z] - Bidi Screenshot (frame: 449)
[2025-12-24T06:49:16.891Z] Add frame for command: /session/:sessionId/element/f.BFF3A2F9B81D76A1764B2C969379E4D9.d.F475435B4B8E131DD7071A9C3735FD96.e.1877/value => [value]
[2025-12-24T06:49:16.925Z] Add frame for command: /session/:sessionId/actions => [actions]
[2025-12-24T06:49:17.052Z] - Bidi Screenshot (frame: 450)
[2025-12-24T06:49:17.202Z] - Bidi Screenshot (frame: 451)
[2025-12-24T06:49:17.216Z] - Bidi Screenshot (frame: 452)
[2025-12-24T06:49:17.616Z] Add frame for command: /session/:sessionId/element/f.BFF3A2F9B81D76A1764B2C969379E4D9.d.F475435B4B8E131DD7071A9C3735FD96.e.1953/click => [click]
[2025-12-24T06:49:17.756Z] - Bidi Screenshot (frame: 453)
[2025-12-24T06:49:17.782Z] Add frame for command: /session/:sessionId/element/f.BFF3A2F9B81D76A1764B2C969379E4D9.d.F475435B4B8E131DD7071A9C3735FD96.e.1954/click => [click]
[2025-12-24T06:49:17.795Z] Add frame for command: /session/:sessionId/url => [url]
[2025-12-24T06:49:18.039Z] - Bidi Screenshot (frame: 454)
[2025-12-24T06:49:18.062Z] - Bidi Screenshot (frame: 455)
[2025-12-24T06:49:18.145Z] Add frame for command: /session/:sessionId/url => [url]
[2025-12-24T06:49:18.183Z] Bidi Screenshot not available (frame: 456). Error: Error: WebDriver Bidi command "browsingContext.captureScreenshot" failed with error: unknown error - Cannot find context with specified id..
[2025-12-24T06:49:18.333Z] Add frame for command: /session/:sessionId/element/f.BFF3A2F9B81D76A1764B2C969379E4D9.d.E88D6305F2402792382F5438FAE865FA.e.1958/clear => [clear]
[2025-12-24T06:49:18.411Z] Add frame for command: /session/:sessionId/element/f.BFF3A2F9B81D76A1764B2C969379E4D9.d.E88D6305F2402792382F5438FAE865FA.e.1958/value => [value]
[2025-12-24T06:49:18.474Z] Add frame for command: /session/:sessionId/element/f.BFF3A2F9B81D76A1764B2C969379E4D9.d.E88D6305F2402792382F5438FAE865FA.e.1959/clear => [clear]
[2025-12-24T06:49:18.589Z] - Bidi Screenshot (frame: 457)
[2025-12-24T06:49:18.592Z] - Bidi Screenshot (frame: 458)
[2025-12-24T06:49:18.659Z] Add frame for command: /session/:sessionId/element/f.BFF3A2F9B81D76A1764B2C969379E4D9.d.E88D6305F2402792382F5438FAE865FA.e.1959/value => [value]
[2025-12-24T06:49:18.720Z] Add frame for command: /session/:sessionId/actions => [actions]
[2025-12-24T06:49:18.728Z] Add frame for command: /session/:sessionId/actions => [actions]
[2025-12-24T06:49:18.839Z] - Bidi Screenshot (frame: 459)
[2025-12-24T06:49:18.844Z] - Bidi Screenshot (frame: 460)
[2025-12-24T06:49:18.907Z] - Bidi Screenshot (frame: 461)
[2025-12-24T06:49:18.969Z] - Bidi Screenshot (frame: 462)
[2025-12-24T06:49:19.022Z] Add frame for command: /session/:sessionId/element/f.BFF3A2F9B81D76A1764B2C969379E4D9.d.E88D6305F2402792382F5438FAE865FA.e.1965/click => [click]
[2025-12-24T06:49:19.027Z] Add frame for command: /session/:sessionId/url => [url]
[2025-12-24T06:49:19.222Z] - Bidi Screenshot (frame: 463)
[2025-12-24T06:49:19.241Z] - Bidi Screenshot (frame: 464)
[2025-12-24T06:49:19.326Z] Add frame for command: /session/:sessionId/url => [url]
[2025-12-24T06:49:19.529Z] Add frame for command: /session/:sessionId/actions => [actions]
[2025-12-24T06:49:19.613Z] Add frame for command: /session/:sessionId/actions => [actions]
[2025-12-24T06:49:19.643Z] - Bidi Screenshot (frame: 465)
[2025-12-24T06:49:19.870Z] - Bidi Screenshot (frame: 466)
[2025-12-24T06:49:19.882Z] - Bidi Screenshot (frame: 467)
[2025-12-24T06:49:19.941Z] Add frame for command: /session/:sessionId/element/f.BFF3A2F9B81D76A1764B2C969379E4D9.d.E88D6305F2402792382F5438FAE865FA.e.1978/click => [click]
[2025-12-24T06:49:20.156Z] - Bidi Screenshot (frame: 468)
[2025-12-24T06:49:20.986Z] Add frame for command: /session/:sessionId/actions => [actions]
[2025-12-24T06:49:21.123Z] - Bidi Screenshot (frame: 469)
[2025-12-24T06:49:21.223Z] Add frame for command: /session/:sessionId/element/f.BFF3A2F9B81D76A1764B2C969379E4D9.d.E88D6305F2402792382F5438FAE865FA.e.2018/click => [click]
[2025-12-24T06:49:21.241Z] Add frame for command: /session/:sessionId/url => [url]
[2025-12-24T06:49:21.529Z] - Bidi Screenshot (frame: 470)
[2025-12-24T06:49:21.548Z] - Bidi Screenshot (frame: 471)
[2025-12-24T06:49:21.700Z] Add frame for command: /session/:sessionId/element/f.BFF3A2F9B81D76A1764B2C969379E4D9.d.E88D6305F2402792382F5438FAE865FA.e.2025/click => [click]
[2025-12-24T06:49:21.864Z] - Bidi Screenshot (frame: 472)
[2025-12-24T06:49:22.537Z] Add frame for command: /session/:sessionId/element/f.BFF3A2F9B81D76A1764B2C969379E4D9.d.E88D6305F2402792382F5438FAE865FA.e.2061/click => [click]
[2025-12-24T06:49:22.670Z] - Bidi Screenshot (frame: 473)
[2025-12-24T06:49:22.673Z] Add frame for command: /session/:sessionId/element/f.BFF3A2F9B81D76A1764B2C969379E4D9.d.E88D6305F2402792382F5438FAE865FA.e.2061/clear => [clear]
[2025-12-24T06:49:22.726Z] Add frame for command: /session/:sessionId/element/f.BFF3A2F9B81D76A1764B2C969379E4D9.d.E88D6305F2402792382F5438FAE865FA.e.2061/value => [value]
[2025-12-24T06:49:22.915Z] - Bidi Screenshot (frame: 474)
[2025-12-24T06:49:22.926Z] - Bidi Screenshot (frame: 475)
[2025-12-24T06:49:23.028Z] Add frame for command: /session/:sessionId/element/f.BFF3A2F9B81D76A1764B2C969379E4D9.d.E88D6305F2402792382F5438FAE865FA.e.2116/click => [click]
[2025-12-24T06:49:23.215Z] - Bidi Screenshot (frame: 476)
[2025-12-24T06:49:26.130Z] Add frame for command: /session/:sessionId/element/f.BFF3A2F9B81D76A1764B2C969379E4D9.d.E88D6305F2402792382F5438FAE865FA.e.2149/click => [click]
[2025-12-24T06:49:26.267Z] - Bidi Screenshot (frame: 477)
[2025-12-24T06:49:26.283Z] Add frame for command: /session/:sessionId/element/f.BFF3A2F9B81D76A1764B2C969379E4D9.d.E88D6305F2402792382F5438FAE865FA.e.2151/click => [click]
[2025-12-24T06:49:26.290Z] Add frame for command: /session/:sessionId/url => [url]
[2025-12-24T06:49:26.513Z] - Bidi Screenshot (frame: 478)
[2025-12-24T06:49:26.523Z] - Bidi Screenshot (frame: 479)
[2025-12-24T06:49:26.606Z] Add frame for command: /session/:sessionId/url => [url]
[2025-12-24T06:49:26.636Z] Bidi Screenshot not available (frame: 480). Error: Error: WebDriver Bidi command "browsingContext.captureScreenshot" failed with error: unknown error - Cannot find context with specified id..
[2025-12-24T06:49:26.800Z] Add frame for command: /session/:sessionId/element/f.BFF3A2F9B81D76A1764B2C969379E4D9.d.61AFA12871D3803EA37E07E8A0E5279B.e.2155/clear => [clear]
[2025-12-24T06:49:26.877Z] Add frame for command: /session/:sessionId/element/f.BFF3A2F9B81D76A1764B2C969379E4D9.d.61AFA12871D3803EA37E07E8A0E5279B.e.2155/value => [value]
[2025-12-24T06:49:26.912Z] Add frame for command: /session/:sessionId/element/f.BFF3A2F9B81D76A1764B2C969379E4D9.d.61AFA12871D3803EA37E07E8A0E5279B.e.2156/clear => [clear]
[2025-12-24T06:49:27.059Z] - Bidi Screenshot (frame: 481)
[2025-12-24T06:49:27.062Z] - Bidi Screenshot (frame: 482)
[2025-12-24T06:49:27.125Z] Add frame for command: /session/:sessionId/element/f.BFF3A2F9B81D76A1764B2C969379E4D9.d.61AFA12871D3803EA37E07E8A0E5279B.e.2156/value => [value]
[2025-12-24T06:49:27.179Z] Add frame for command: /session/:sessionId/actions => [actions]
[2025-12-24T06:49:27.186Z] Add frame for command: /session/:sessionId/actions => [actions]
[2025-12-24T06:49:27.303Z] - Bidi Screenshot (frame: 483)
[2025-12-24T06:49:27.307Z] - Bidi Screenshot (frame: 484)
[2025-12-24T06:49:27.420Z] - Bidi Screenshot (frame: 485)
[2025-12-24T06:49:27.423Z] - Bidi Screenshot (frame: 486)
[2025-12-24T06:49:27.468Z] Add frame for command: /session/:sessionId/element/f.BFF3A2F9B81D76A1764B2C969379E4D9.d.61AFA12871D3803EA37E07E8A0E5279B.e.2162/click => [click]
[2025-12-24T06:49:27.494Z] Add frame for command: /session/:sessionId/url => [url]
[2025-12-24T06:49:27.729Z] - Bidi Screenshot (frame: 487)
[2025-12-24T06:49:27.739Z] - Bidi Screenshot (frame: 488)
[2025-12-24T06:49:27.909Z] Add frame for command: /session/:sessionId/url => [url]
[2025-12-24T06:49:28.048Z] Add frame for command: /session/:sessionId/actions => [actions]
[2025-12-24T06:49:28.150Z] Add frame for command: /session/:sessionId/actions => [actions]
[2025-12-24T06:49:28.177Z] - Bidi Screenshot (frame: 489)
[2025-12-24T06:49:28.397Z] - Bidi Screenshot (frame: 490)
[2025-12-24T06:49:28.410Z] - Bidi Screenshot (frame: 491)
[2025-12-24T06:49:28.480Z] Add frame for command: /session/:sessionId/element/f.BFF3A2F9B81D76A1764B2C969379E4D9.d.61AFA12871D3803EA37E07E8A0E5279B.e.2190/click => [click]
[2025-12-24T06:49:28.696Z] - Bidi Screenshot (frame: 492)
[2025-12-24T06:49:29.510Z] Add frame for command: /session/:sessionId/actions => [actions]
[2025-12-24T06:49:29.638Z] - Bidi Screenshot (frame: 493)
[2025-12-24T06:49:29.673Z] Add frame for command: /session/:sessionId/element/f.BFF3A2F9B81D76A1764B2C969379E4D9.d.61AFA12871D3803EA37E07E8A0E5279B.e.2217/click => [click]
[2025-12-24T06:49:29.827Z] - Bidi Screenshot (frame: 494)
[2025-12-24T06:49:40.317Z] ffmpeg command: "C:\Users\cynth\OneDrive\Documents\kuliah\Tugas Akhir\coretesting\node_modules\@ffmpeg-installer\win32-x64\ffmpeg.exe" -y -r 10 -i "C:\Users\cynth\OneDrive\Documents\kuliah\Tugas Akhir\coretesting\_results_\videos\.video-reporter-screenshots\Create-Surat-Jalan-MTS-0-0--CHROME--12-24-2025--13-46-51-796/%04d.png" -vcodec libvpx-vp9 -crf 32 -pix_fmt yuv420p -vf "scale=1200:trunc(ow/a/2)*2","setpts=1.0*PTS" "C:\Users\cynth\OneDrive\Documents\kuliah\Tugas Akhir\coretesting\_results_\videos\Create-Surat-Jalan-MTS-0-0--CHROME--12-24-2025--13-46-51-796.webm"
[2025-12-24T06:50:10.480Z] videoRenderTimeout triggered before ffmpeg had a chance to wrap up
[2025-12-24T06:50:10.480Z] Generated 1 videos, video report done!
